#
# There is insufficient memory for the Java Runtime Environment to continue.
# Native memory allocation (mmap) failed to map 454033408 bytes for Failed to commit area from 0x0000000090e00000 to 0x00000000abf00000 of length 454033408.
# Possible reasons:
#   The system is out of physical RAM or swap space
#   The process is running with CompressedOops enabled, and the Java Heap may be blocking the growth of the native heap
# Possible solutions:
#   Reduce memory load on the system
#   Increase physical memory or swap space
#   Check if swap backing store is full
#   Decrease Java heap size (-Xmx/-Xms)
#   Decrease number of Java threads
#   Decrease Java thread stack sizes (-Xss)
#   Set larger code cache with -XX:ReservedCodeCacheSize=
#   JVM is running with Unscaled Compressed Oops mode in which the Java heap is
#     placed in the first 4GB address space. The Java Heap base address is the
#     maximum limit for the native heap growth. Please use -XX:HeapBaseMinAddress
#     to set the Java Heap base and to place the Java Heap above 4GB virtual address.
# This output file may be truncated or incomplete.
#
#  Out of Memory Error (./open/src/hotspot/os/windows/os_windows.cpp:3315), pid=11804, tid=8020
#
# JRE version: Java(TM) SE Runtime Environment (14.0.2+12) (build 14.0.2+12-46)
# Java VM: Java HotSpot(TM) 64-Bit Server VM (14.0.2+12-46, mixed mode, sharing, tiered, compressed oops, g1 gc, windows-amd64)
# No core dump will be written. Minidumps are not enabled by default on client versions of Windows
#

---------------  S U M M A R Y ------------

Command Line: --module-path=C:\Users\Nastya\java_libes\javafx-sdk-11.0.2\lib --add-modules=javafx.controls,javafx.fxml -javaagent:C:\Program Files\JetBrains\IntelliJ IDEA 2020.3\lib\idea_rt.jar=56814:C:\Program Files\JetBrains\IntelliJ IDEA 2020.3\bin -Dfile.encoding=UTF-8 sample.Main

Host: Intel(R) Core(TM) i5-5200U CPU @ 2.20GHz, 4 cores, 7G,  Windows 10 , 64 bit Build 17763 (10.0.17763.475)
Time: Thu Jan 21 14:39:44 2021 Oeieyiaey (ceia) elapsed time: 13 seconds (0d 0h 0m 13s)

---------------  T H R E A D  ---------------

Current thread (0x000001ecacdf2000):  VMThread "VM Thread" [stack: 0x0000005eedc00000,0x0000005eedd00000] [id=8020]

Stack: [0x0000005eedc00000,0x0000005eedd00000]
[error occurred during error reporting (printing stack bounds), id 0xc0000005, EXCEPTION_ACCESS_VIOLATION (0xc0000005) at pc=0x000001ec96de10ad]

Native frames: (J=compiled Java code, j=interpreted, Vv=VM code, C=native code)
V  [jvm.dll+0x5f8a9a]
V  [jvm.dll+0x74247a]
V  [jvm.dll+0x743c2f]
V  [jvm.dll+0x7441d5]
V  [jvm.dll+0x74418b]
V  [jvm.dll+0x5f7f6f]
V  [jvm.dll+0x5f8738]
C  [ntdll.dll+0xa41bf]
C  [ntdll.dll+0x4bef]
C  [ntdll.dll+0xa2f2e]
C  0x000001ec96de10ad

VM_Operation (0x0000005eeedfcc80): G1CollectForAllocation, mode: safepoint, requested by thread 0x000001ecae1d0800


---------------  P R O C E S S  ---------------

Threads class SMR info:
_java_thread_list=0x000001ecb75c7570, length=19, elements={
0x000001ec8e646000, 0x000001ecacdf7800, 0x000001ecacdf9800, 0x000001ecace16800,
0x000001ecace19800, 0x000001ecace1b800, 0x000001ecace20800, 0x000001ecace25800,
0x000001ecad790800, 0x000001ecacddb000, 0x000001ecae0be800, 0x000001ecae253000,
0x000001ecade07000, 0x000001ecae1cf800, 0x000001ecae1d0800, 0x000001ecae2aa800,
0x000001ecae303800, 0x000001ecaede7800, 0x000001ecaee88800
}

Java Threads: ( => current thread )
  0x000001ec8e646000 JavaThread "main" [_thread_blocked, id=10660, stack(0x0000005eed600000,0x0000005eed700000)]
  0x000001ecacdf7800 JavaThread "Reference Handler" daemon [_thread_blocked, id=11032, stack(0x0000005eedd00000,0x0000005eede00000)]
  0x000001ecacdf9800 JavaThread "Finalizer" daemon [_thread_blocked, id=11484, stack(0x0000005eede00000,0x0000005eedf00000)]
  0x000001ecace16800 JavaThread "Signal Dispatcher" daemon [_thread_blocked, id=12592, stack(0x0000005eedf00000,0x0000005eee000000)]
  0x000001ecace19800 JavaThread "Attach Listener" daemon [_thread_blocked, id=10024, stack(0x0000005eee000000,0x0000005eee100000)]
  0x000001ecace1b800 JavaThread "Service Thread" daemon [_thread_blocked, id=12264, stack(0x0000005eee100000,0x0000005eee200000)]
  0x000001ecace20800 JavaThread "C2 CompilerThread0" daemon [_thread_blocked, id=11468, stack(0x0000005eee200000,0x0000005eee300000)]
  0x000001ecace25800 JavaThread "C1 CompilerThread0" daemon [_thread_blocked, id=12920, stack(0x0000005eee300000,0x0000005eee400000)]
  0x000001ecad790800 JavaThread "Sweeper thread" daemon [_thread_blocked, id=11080, stack(0x0000005eee400000,0x0000005eee500000)]
  0x000001ecacddb000 JavaThread "Common-Cleaner" daemon [_thread_blocked, id=11812, stack(0x0000005eee500000,0x0000005eee600000)]
  0x000001ecae0be800 JavaThread "Monitor Ctrl-Break" daemon [_thread_in_native, id=11048, stack(0x0000005eee700000,0x0000005eee800000)]
  0x000001ecae253000 JavaThread "Notification Thread" daemon [_thread_blocked, id=9152, stack(0x0000005eee800000,0x0000005eee900000)]
  0x000001ecade07000 JavaThread "QuantumRenderer-0" daemon [_thread_blocked, id=3288, stack(0x0000005eeeb00000,0x0000005eeec00000)]
  0x000001ecae1cf800 JavaThread "InvokeLaterDispatcher" daemon [_thread_blocked, id=3264, stack(0x0000005eeec00000,0x0000005eeed00000)]
  0x000001ecae1d0800 JavaThread "JavaFX Application Thread" [_thread_blocked, id=10524, stack(0x0000005eeed00000,0x0000005eeee00000)]
  0x000001ecae2aa800 JavaThread "JavaFX-Launcher" [_thread_blocked, id=11876, stack(0x0000005eef200000,0x0000005eef300000)]
  0x000001ecae303800 JavaThread "Thread-2" daemon [_thread_blocked, id=2816, stack(0x0000005eef100000,0x0000005eef200000)]
  0x000001ecaede7800 JavaThread "Prism Font Disposer" daemon [_thread_blocked, id=10380, stack(0x0000005eef400000,0x0000005eef500000)]
  0x000001ecaee88800 JavaThread "Cleaner-0" daemon [_thread_blocked, id=10056, stack(0x0000005eef900000,0x0000005eefa00000)]

Other Threads:
=>0x000001ecacdf2000 VMThread "VM Thread" [stack: 0x0000005eedc00000,0x0000005eedd00000] [id=8020]
  0x000001ecae085800 WatcherThread [stack: 0x0000005eee900000,0x0000005eeea00000] [id=13200]
  0x000001ec8e689000 GCTaskThread "GC Thread#0" [stack: 0x0000005eed700000,0x0000005eed800000] [id=6312]
  0x000001ecae00e000 GCTaskThread "GC Thread#1" [stack: 0x0000005eee600000,0x0000005eee700000] [id=7756]
  0x000001ecae16c000 GCTaskThread "GC Thread#2" [stack: 0x0000005eeea00000,0x0000005eeeb00000] [id=10484]
  0x000001ecae41b800 GCTaskThread "GC Thread#3" [stack: 0x0000005eef300000,0x0000005eef400000] [id=8440]
  0x000001ec8e69a800 ConcurrentGCThread "G1 Main Marker" [stack: 0x0000005eed800000,0x0000005eed900000] [id=11456]
  0x000001ec8e69c000 ConcurrentGCThread "G1 Conc#0" [stack: 0x0000005eed900000,0x0000005eeda00000] [id=8144]
  0x000001ecacc66800 ConcurrentGCThread "G1 Refine#0" [stack: 0x0000005eeda00000,0x0000005eedb00000] [id=11000]
  0x000001ecaee02800 ConcurrentGCThread "G1 Refine#1" [stack: 0x0000005eef800000,0x0000005eef900000] [id=4612]
  0x000001ecaebda800 ConcurrentGCThread "G1 Refine#2" [stack: 0x0000005eefb00000,0x0000005eefc00000] [id=9188]
  0x000001ecb75c6000 ConcurrentGCThread "G1 Refine#3" [stack: 0x0000005eefd00000,0x0000005eefe00000] [id=11768]
  0x000001ecacc67800 ConcurrentGCThread "G1 Young RemSet Sampling" [stack: 0x0000005eedb00000,0x0000005eedc00000] [id=8408]

Threads with active compile tasks:
C1 CompilerThread0    13189 4549   !   3       java.io.PrintStream::write (69 bytes)

VM state:at safepoint (normal execution)

VM Mutex/Monitor currently owned by a thread:  ([mutex/lock_event])
[0x000001ec8e642390] Threads_lock - owner thread: 0x000001ecacdf2000
[0x000001ec8e6428a0] Heap_lock - owner thread: 0x000001ecae1d0800

Heap address: 0x0000000081800000, size: 2024 MB, Compressed Oops mode: 32-bit
Narrow klass base: 0x0000000800000000, Narrow klass shift: 3
Compressed class space size: 1073741824 Address: 0x0000000800b30000

Heap:
 garbage-first heap   total 701440K, used 136704K [0x0000000081800000, 0x0000000100000000)
  region size 1024K, 7 young (7168K), 7 survivors (7168K)
 Metaspace       used 25983K, capacity 26877K, committed 27184K, reserved 1073152K
  class space    used 3388K, capacity 3790K, committed 3888K, reserved 1048576K
Heap Regions: E=young(eden), S=young(survivor), O=old, HS=humongous(starts), HC=humongous(continues), CS=collection set, F=free, OA=open archive, CA=closed archive, TAMS=top-at-mark-start (previous, next)
|   0|0x0000000081800000, 0x0000000081900000, 0x0000000081900000|100%|HS|  |TAMS 0x0000000081900000, 0x0000000081800000| Complete 
|   1|0x0000000081900000, 0x0000000081a00000, 0x0000000081a00000|100%| O|  |TAMS 0x0000000081a00000, 0x0000000081900000| Untracked 
|   2|0x0000000081a00000, 0x0000000081b00000, 0x0000000081b00000|100%| O|  |TAMS 0x0000000081b00000, 0x0000000081a00000| Untracked 
|   3|0x0000000081b00000, 0x0000000081c00000, 0x0000000081c00000|100%| O|  |TAMS 0x0000000081c00000, 0x0000000081b00000| Untracked 
|   4|0x0000000081c00000, 0x0000000081d00000, 0x0000000081d00000|100%| O|  |TAMS 0x0000000081d00000, 0x0000000081c00000| Untracked 
|   5|0x0000000081d00000, 0x0000000081e00000, 0x0000000081e00000|100%| O|  |TAMS 0x0000000081e00000, 0x0000000081d00000| Untracked 
|   6|0x0000000081e00000, 0x0000000081f00000, 0x0000000081f00000|100%|HS|  |TAMS 0x0000000081f00000, 0x0000000081e00000| Complete 
|   7|0x0000000081f00000, 0x0000000082000000, 0x0000000082000000|100%|HC|  |TAMS 0x0000000082000000, 0x0000000081f00000| Complete 
|   8|0x0000000082000000, 0x0000000082100000, 0x0000000082100000|100%|HC|  |TAMS 0x0000000082100000, 0x0000000082000000| Complete 
|   9|0x0000000082100000, 0x0000000082200000, 0x0000000082200000|100%|HC|  |TAMS 0x0000000082200000, 0x0000000082100000| Complete 
|  10|0x0000000082200000, 0x0000000082300000, 0x0000000082300000|100%| O|  |TAMS 0x0000000082300000, 0x0000000082200000| Untracked 
|  11|0x0000000082300000, 0x0000000082400000, 0x0000000082400000|100%|HS|  |TAMS 0x0000000082400000, 0x0000000082300000| Complete 
|  12|0x0000000082400000, 0x0000000082500000, 0x0000000082500000|100%|HC|  |TAMS 0x0000000082500000, 0x0000000082400000| Complete 
|  13|0x0000000082500000, 0x0000000082600000, 0x0000000082600000|100%| O|  |TAMS 0x0000000082500000, 0x0000000082500000| Untracked 
|  14|0x0000000082600000, 0x0000000082700000, 0x0000000082700000|100%| O|  |TAMS 0x0000000082600000, 0x0000000082600000| Untracked 
|  15|0x0000000082700000, 0x0000000082800000, 0x0000000082800000|100%|HS|  |TAMS 0x0000000082700000, 0x0000000082700000| Complete 
|  16|0x0000000082800000, 0x0000000082900000, 0x0000000082900000|100%|HS|  |TAMS 0x0000000082800000, 0x0000000082800000| Complete 
|  17|0x0000000082900000, 0x0000000082a00000, 0x0000000082a00000|100%|HC|  |TAMS 0x0000000082900000, 0x0000000082900000| Complete 
|  18|0x0000000082a00000, 0x0000000082b00000, 0x0000000082b00000|100%| O|  |TAMS 0x0000000082b00000, 0x0000000082a00000| Untracked 
|  19|0x0000000082b00000, 0x0000000082c00000, 0x0000000082c00000|100%| O|  |TAMS 0x0000000082b00000, 0x0000000082b00000| Untracked 
|  20|0x0000000082c00000, 0x0000000082c00000, 0x0000000082d00000|  0%| F|  |TAMS 0x0000000082c00000, 0x0000000082c00000| Untracked 
|  21|0x0000000082d00000, 0x0000000082e00000, 0x0000000082e00000|100%| O|  |TAMS 0x0000000082d00000, 0x0000000082d00000| Untracked 
|  22|0x0000000082e00000, 0x0000000082f00000, 0x0000000082f00000|100%|HS|  |TAMS 0x0000000082e00000, 0x0000000082e00000| Complete 
|  23|0x0000000082f00000, 0x0000000083000000, 0x0000000083000000|100%|HC|  |TAMS 0x0000000082f00000, 0x0000000082f00000| Complete 
|  24|0x0000000083000000, 0x0000000083100000, 0x0000000083100000|100%|HS|  |TAMS 0x0000000083000000, 0x0000000083000000| Complete 
|  25|0x0000000083100000, 0x0000000083200000, 0x0000000083200000|100%| O|  |TAMS 0x0000000083100000, 0x0000000083100000| Untracked 
|  26|0x0000000083200000, 0x0000000083300000, 0x0000000083300000|100%| O|  |TAMS 0x0000000083200000, 0x0000000083200000| Untracked 
|  27|0x0000000083300000, 0x0000000083400000, 0x0000000083400000|100%| O|  |TAMS 0x0000000083300000, 0x0000000083300000| Untracked 
|  28|0x0000000083400000, 0x0000000083500000, 0x0000000083500000|100%| O|  |TAMS 0x0000000083400000, 0x0000000083400000| Untracked 
|  29|0x0000000083500000, 0x0000000083600000, 0x0000000083600000|100%|HS|  |TAMS 0x0000000083500000, 0x0000000083500000| Complete 
|  30|0x0000000083600000, 0x0000000083700000, 0x0000000083700000|100%| O|  |TAMS 0x0000000083600000, 0x0000000083600000| Untracked 
|  31|0x0000000083700000, 0x0000000083800000, 0x0000000083800000|100%|HS|  |TAMS 0x0000000083700000, 0x0000000083700000| Complete 
|  32|0x0000000083800000, 0x0000000083900000, 0x0000000083900000|100%|HS|  |TAMS 0x0000000083800000, 0x0000000083800000| Complete 
|  33|0x0000000083900000, 0x0000000083a00000, 0x0000000083a00000|100%| O|  |TAMS 0x0000000083900000, 0x0000000083900000| Untracked 
|  34|0x0000000083a00000, 0x0000000083b00000, 0x0000000083b00000|100%| O|  |TAMS 0x0000000083b00000, 0x0000000083a00000| Untracked 
|  35|0x0000000083b00000, 0x0000000083c00000, 0x0000000083c00000|100%| O|  |TAMS 0x0000000083c00000, 0x0000000083b00000| Untracked 
|  36|0x0000000083c00000, 0x0000000083d00000, 0x0000000083d00000|100%|HS|  |TAMS 0x0000000083c00000, 0x0000000083c00000| Complete 
|  37|0x0000000083d00000, 0x0000000083e00000, 0x0000000083e00000|100%|HC|  |TAMS 0x0000000083d00000, 0x0000000083d00000| Complete 
|  38|0x0000000083e00000, 0x0000000083f00000, 0x0000000083f00000|100%| O|  |TAMS 0x0000000083f00000, 0x0000000083e00000| Untracked 
|  39|0x0000000083f00000, 0x0000000084000000, 0x0000000084000000|100%| O|  |TAMS 0x0000000083f00000, 0x0000000083f00000| Untracked 
|  40|0x0000000084000000, 0x0000000084100000, 0x0000000084100000|100%| O|  |TAMS 0x0000000084000000, 0x0000000084000000| Untracked 
|  41|0x0000000084100000, 0x0000000084200000, 0x0000000084200000|100%| O|  |TAMS 0x0000000084100000, 0x0000000084100000| Untracked 
|  42|0x0000000084200000, 0x0000000084300000, 0x0000000084300000|100%| O|  |TAMS 0x0000000084200000, 0x0000000084200000| Untracked 
|  43|0x0000000084300000, 0x0000000084400000, 0x0000000084400000|100%| O|  |TAMS 0x0000000084300000, 0x0000000084300000| Untracked 
|  44|0x0000000084400000, 0x0000000084500000, 0x0000000084500000|100%|HS|  |TAMS 0x0000000084400000, 0x0000000084400000| Complete 
|  45|0x0000000084500000, 0x0000000084600000, 0x0000000084600000|100%|HC|  |TAMS 0x0000000084500000, 0x0000000084500000| Complete 
|  46|0x0000000084600000, 0x0000000084700000, 0x0000000084700000|100%| O|  |TAMS 0x0000000084600000, 0x0000000084600000| Untracked 
|  47|0x0000000084700000, 0x0000000084800000, 0x0000000084800000|100%| O|  |TAMS 0x0000000084700000, 0x0000000084700000| Untracked 
|  48|0x0000000084800000, 0x0000000084900000, 0x0000000084900000|100%| O|  |TAMS 0x0000000084800000, 0x0000000084800000| Untracked 
|  49|0x0000000084900000, 0x0000000084a00000, 0x0000000084a00000|100%| O|  |TAMS 0x0000000084900000, 0x0000000084900000| Untracked 
|  50|0x0000000084a00000, 0x0000000084b00000, 0x0000000084b00000|100%| O|  |TAMS 0x0000000084a00000, 0x0000000084a00000| Untracked 
|  51|0x0000000084b00000, 0x0000000084c00000, 0x0000000084c00000|100%| O|  |TAMS 0x0000000084b00000, 0x0000000084b00000| Untracked 
|  52|0x0000000084c00000, 0x0000000084d00000, 0x0000000084d00000|100%| O|  |TAMS 0x0000000084c00000, 0x0000000084c00000| Untracked 
|  53|0x0000000084d00000, 0x0000000084e00000, 0x0000000084e00000|100%| O|  |TAMS 0x0000000084d00000, 0x0000000084d00000| Untracked 
|  54|0x0000000084e00000, 0x0000000084f00000, 0x0000000084f00000|100%| O|  |TAMS 0x0000000084e00000, 0x0000000084e00000| Untracked 
|  55|0x0000000084f00000, 0x0000000085000000, 0x0000000085000000|100%| O|  |TAMS 0x0000000084f00000, 0x0000000084f00000| Untracked 
|  56|0x0000000085000000, 0x0000000085100000, 0x0000000085100000|100%| O|  |TAMS 0x0000000085000000, 0x0000000085000000| Untracked 
|  57|0x0000000085100000, 0x0000000085200000, 0x0000000085200000|100%| O|  |TAMS 0x0000000085100000, 0x0000000085100000| Untracked 
|  58|0x0000000085200000, 0x0000000085300000, 0x0000000085300000|100%| O|  |TAMS 0x0000000085200000, 0x0000000085200000| Untracked 
|  59|0x0000000085300000, 0x0000000085400000, 0x0000000085400000|100%| O|  |TAMS 0x0000000085300000, 0x0000000085300000| Untracked 
|  60|0x0000000085400000, 0x0000000085500000, 0x0000000085500000|100%| O|  |TAMS 0x0000000085400000, 0x0000000085400000| Untracked 
|  61|0x0000000085500000, 0x0000000085600000, 0x0000000085600000|100%|HS|  |TAMS 0x0000000085600000, 0x0000000085500000| Complete 
|  62|0x0000000085600000, 0x0000000085700000, 0x0000000085700000|100%|HC|  |TAMS 0x0000000085700000, 0x0000000085600000| Complete 
|  63|0x0000000085700000, 0x0000000085800000, 0x0000000085800000|100%| O|  |TAMS 0x0000000085700000, 0x0000000085700000| Untracked 
|  64|0x0000000085800000, 0x0000000085900000, 0x0000000085900000|100%| O|  |TAMS 0x0000000085800000, 0x0000000085800000| Untracked 
|  65|0x0000000085900000, 0x0000000085a00000, 0x0000000085a00000|100%| O|  |TAMS 0x0000000085900000, 0x0000000085900000| Untracked 
|  66|0x0000000085a00000, 0x0000000085b00000, 0x0000000085b00000|100%| O|  |TAMS 0x0000000085a00000, 0x0000000085a00000| Untracked 
|  67|0x0000000085b00000, 0x0000000085c00000, 0x0000000085c00000|100%| O|  |TAMS 0x0000000085b00000, 0x0000000085b00000| Untracked 
|  68|0x0000000085c00000, 0x0000000085d00000, 0x0000000085d00000|100%| O|  |TAMS 0x0000000085c00000, 0x0000000085c00000| Untracked 
|  69|0x0000000085d00000, 0x0000000085e00000, 0x0000000085e00000|100%| O|  |TAMS 0x0000000085d00000, 0x0000000085d00000| Untracked 
|  70|0x0000000085e00000, 0x0000000085f00000, 0x0000000085f00000|100%| O|  |TAMS 0x0000000085e00000, 0x0000000085e00000| Untracked 
|  71|0x0000000085f00000, 0x0000000086000000, 0x0000000086000000|100%| O|  |TAMS 0x0000000085f00000, 0x0000000085f00000| Untracked 
|  72|0x0000000086000000, 0x0000000086100000, 0x0000000086100000|100%| O|  |TAMS 0x0000000086000000, 0x0000000086000000| Untracked 
|  73|0x0000000086100000, 0x0000000086200000, 0x0000000086200000|100%| O|  |TAMS 0x0000000086100000, 0x0000000086100000| Untracked 
|  74|0x0000000086200000, 0x0000000086300000, 0x0000000086300000|100%| O|  |TAMS 0x0000000086200000, 0x0000000086200000| Untracked 
|  75|0x0000000086300000, 0x0000000086400000, 0x0000000086400000|100%| O|  |TAMS 0x0000000086300000, 0x0000000086300000| Untracked 
|  76|0x0000000086400000, 0x0000000086500000, 0x0000000086500000|100%| O|  |TAMS 0x0000000086400000, 0x0000000086400000| Untracked 
|  77|0x0000000086500000, 0x0000000086600000, 0x0000000086600000|100%| O|  |TAMS 0x0000000086500000, 0x0000000086500000| Untracked 
|  78|0x0000000086600000, 0x0000000086700000, 0x0000000086700000|100%| O|  |TAMS 0x0000000086600000, 0x0000000086600000| Untracked 
|  79|0x0000000086700000, 0x0000000086800000, 0x0000000086800000|100%| O|  |TAMS 0x0000000086700000, 0x0000000086700000| Untracked 
|  80|0x0000000086800000, 0x0000000086900000, 0x0000000086900000|100%| O|  |TAMS 0x0000000086800000, 0x0000000086800000| Untracked 
|  81|0x0000000086900000, 0x0000000086a00000, 0x0000000086a00000|100%| O|  |TAMS 0x0000000086900000, 0x0000000086900000| Untracked 
|  82|0x0000000086a00000, 0x0000000086b00000, 0x0000000086b00000|100%| O|  |TAMS 0x0000000086a00000, 0x0000000086a00000| Untracked 
|  83|0x0000000086b00000, 0x0000000086c00000, 0x0000000086c00000|100%| O|  |TAMS 0x0000000086b00000, 0x0000000086b00000| Untracked 
|  84|0x0000000086c00000, 0x0000000086d00000, 0x0000000086d00000|100%| O|  |TAMS 0x0000000086c00000, 0x0000000086c00000| Untracked 
|  85|0x0000000086d00000, 0x0000000086e00000, 0x0000000086e00000|100%| O|  |TAMS 0x0000000086d00000, 0x0000000086d00000| Untracked 
|  86|0x0000000086e00000, 0x0000000086f00000, 0x0000000086f00000|100%|HS|  |TAMS 0x0000000086e00000, 0x0000000086e00000| Complete 
|  87|0x0000000086f00000, 0x0000000087000000, 0x0000000087000000|100%|HC|  |TAMS 0x0000000086f00000, 0x0000000086f00000| Complete 
|  88|0x0000000087000000, 0x0000000087100000, 0x0000000087100000|100%|HS|  |TAMS 0x0000000087000000, 0x0000000087000000| Complete 
|  89|0x0000000087100000, 0x0000000087200000, 0x0000000087200000|100%|HS|  |TAMS 0x0000000087100000, 0x0000000087100000| Complete 
|  90|0x0000000087200000, 0x0000000087300000, 0x0000000087300000|100%|HC|  |TAMS 0x0000000087200000, 0x0000000087200000| Complete 
|  91|0x0000000087300000, 0x0000000087400000, 0x0000000087400000|100%|HS|  |TAMS 0x0000000087300000, 0x0000000087300000| Complete 
|  92|0x0000000087400000, 0x0000000087500000, 0x0000000087500000|100%| O|  |TAMS 0x0000000087400000, 0x0000000087400000| Untracked 
|  93|0x0000000087500000, 0x0000000087600000, 0x0000000087600000|100%| O|  |TAMS 0x0000000087500000, 0x0000000087500000| Untracked 
|  94|0x0000000087600000, 0x0000000087700000, 0x0000000087700000|100%| O|  |TAMS 0x0000000087600000, 0x0000000087600000| Untracked 
|  95|0x0000000087700000, 0x0000000087800000, 0x0000000087800000|100%| O|  |TAMS 0x0000000087700000, 0x0000000087700000| Untracked 
|  96|0x0000000087800000, 0x0000000087900000, 0x0000000087900000|100%| O|  |TAMS 0x0000000087800000, 0x0000000087800000| Untracked 
|  97|0x0000000087900000, 0x0000000087a00000, 0x0000000087a00000|100%| O|  |TAMS 0x0000000087900000, 0x0000000087900000| Untracked 
|  98|0x0000000087a00000, 0x0000000087b00000, 0x0000000087b00000|100%| O|  |TAMS 0x0000000087a00000, 0x0000000087a00000| Untracked 
|  99|0x0000000087b00000, 0x0000000087c00000, 0x0000000087c00000|100%| O|  |TAMS 0x0000000087b00000, 0x0000000087b00000| Untracked 
| 100|0x0000000087c00000, 0x0000000087d00000, 0x0000000087d00000|100%| O|  |TAMS 0x0000000087c00000, 0x0000000087c00000| Untracked 
| 101|0x0000000087d00000, 0x0000000087e00000, 0x0000000087e00000|100%| O|  |TAMS 0x0000000087d00000, 0x0000000087d00000| Untracked 
| 102|0x0000000087e00000, 0x0000000087f00000, 0x0000000087f00000|100%| O|  |TAMS 0x0000000087e00000, 0x0000000087e00000| Untracked 
| 103|0x0000000087f00000, 0x0000000088000000, 0x0000000088000000|100%| O|  |TAMS 0x0000000087f00000, 0x0000000087f00000| Untracked 
| 104|0x0000000088000000, 0x0000000088100000, 0x0000000088100000|100%| O|  |TAMS 0x0000000088000000, 0x0000000088000000| Untracked 
| 105|0x0000000088100000, 0x0000000088200000, 0x0000000088200000|100%| O|  |TAMS 0x0000000088100000, 0x0000000088100000| Untracked 
| 106|0x0000000088200000, 0x0000000088300000, 0x0000000088300000|100%| O|  |TAMS 0x0000000088200000, 0x0000000088200000| Untracked 
| 107|0x0000000088300000, 0x0000000088400000, 0x0000000088400000|100%| O|  |TAMS 0x0000000088300000, 0x0000000088300000| Untracked 
| 108|0x0000000088400000, 0x0000000088500000, 0x0000000088500000|100%| O|  |TAMS 0x0000000088400000, 0x0000000088400000| Untracked 
| 109|0x0000000088500000, 0x0000000088600000, 0x0000000088600000|100%| O|  |TAMS 0x0000000088500000, 0x0000000088500000| Untracked 
| 110|0x0000000088600000, 0x0000000088700000, 0x0000000088700000|100%| O|  |TAMS 0x0000000088600000, 0x0000000088600000| Untracked 
| 111|0x0000000088700000, 0x0000000088800000, 0x0000000088800000|100%|HS|  |TAMS 0x0000000088700000, 0x0000000088700000| Complete 
| 112|0x0000000088800000, 0x0000000088900000, 0x0000000088900000|100%|HC|  |TAMS 0x0000000088800000, 0x0000000088800000| Complete 
| 113|0x0000000088900000, 0x0000000088a00000, 0x0000000088a00000|100%| O|  |TAMS 0x0000000088900000, 0x0000000088900000| Untracked 
| 114|0x0000000088a00000, 0x0000000088b00000, 0x0000000088b00000|100%| O|  |TAMS 0x0000000088a00000, 0x0000000088a00000| Untracked 
| 115|0x0000000088b00000, 0x0000000088c00000, 0x0000000088c00000|100%| O|  |TAMS 0x0000000088b00000, 0x0000000088b00000| Untracked 
| 116|0x0000000088c00000, 0x0000000088d00000, 0x0000000088d00000|100%| O|  |TAMS 0x0000000088c00000, 0x0000000088c00000| Untracked 
| 117|0x0000000088d00000, 0x0000000088e00000, 0x0000000088e00000|100%| O|  |TAMS 0x0000000088d00000, 0x0000000088d00000| Untracked 
| 118|0x0000000088e00000, 0x0000000088f00000, 0x0000000088f00000|100%| O|  |TAMS 0x0000000088e00000, 0x0000000088e00000| Untracked 
| 119|0x0000000088f00000, 0x0000000089000000, 0x0000000089000000|100%| O|  |TAMS 0x0000000088f00000, 0x0000000088f00000| Untracked 
| 120|0x0000000089000000, 0x0000000089100000, 0x0000000089100000|100%| O|  |TAMS 0x0000000089000000, 0x0000000089000000| Untracked 
| 121|0x0000000089100000, 0x0000000089200000, 0x0000000089200000|100%| O|  |TAMS 0x0000000089100000, 0x0000000089100000| Untracked 
| 122|0x0000000089200000, 0x0000000089300000, 0x0000000089300000|100%| O|  |TAMS 0x0000000089200000, 0x0000000089200000| Untracked 
| 123|0x0000000089300000, 0x0000000089400000, 0x0000000089400000|100%| O|  |TAMS 0x0000000089300000, 0x0000000089300000| Untracked 
| 124|0x0000000089400000, 0x0000000089500000, 0x0000000089500000|100%| O|  |TAMS 0x0000000089400000, 0x0000000089400000| Untracked 
| 125|0x0000000089500000, 0x0000000089600000, 0x0000000089600000|100%| O|  |TAMS 0x0000000089500000, 0x0000000089500000| Untracked 
| 126|0x0000000089600000, 0x0000000089700000, 0x0000000089700000|100%| O|  |TAMS 0x0000000089600000, 0x0000000089600000| Untracked 
| 127|0x0000000089700000, 0x0000000089780000, 0x0000000089800000| 50%| O|  |TAMS 0x0000000089700000, 0x0000000089700000| Untracked 
| 128|0x0000000089800000, 0x0000000089800000, 0x0000000089900000|  0%| F|  |TAMS 0x0000000089800000, 0x0000000089800000| Untracked 
| 129|0x0000000089900000, 0x0000000089900000, 0x0000000089a00000|  0%| F|  |TAMS 0x0000000089900000, 0x0000000089900000| Untracked 
| 130|0x0000000089a00000, 0x0000000089a00000, 0x0000000089b00000|  0%| F|  |TAMS 0x0000000089a00000, 0x0000000089a00000| Untracked 
| 131|0x0000000089b00000, 0x0000000089b00000, 0x0000000089c00000|  0%| F|  |TAMS 0x0000000089b00000, 0x0000000089b00000| Untracked 
| 132|0x0000000089c00000, 0x0000000089c00000, 0x0000000089d00000|  0%| F|  |TAMS 0x0000000089c00000, 0x0000000089c00000| Untracked 
| 133|0x0000000089d00000, 0x0000000089d00000, 0x0000000089e00000|  0%| F|  |TAMS 0x0000000089d00000, 0x0000000089d00000| Untracked 
| 134|0x0000000089e00000, 0x0000000089e00000, 0x0000000089f00000|  0%| F|  |TAMS 0x0000000089e00000, 0x0000000089e00000| Untracked 
| 135|0x0000000089f00000, 0x0000000089f00000, 0x000000008a000000|  0%| F|  |TAMS 0x0000000089f00000, 0x0000000089f00000| Untracked 
| 136|0x000000008a000000, 0x000000008a000000, 0x000000008a100000|  0%| F|  |TAMS 0x000000008a000000, 0x000000008a000000| Untracked 
| 137|0x000000008a100000, 0x000000008a100000, 0x000000008a200000|  0%| F|  |TAMS 0x000000008a100000, 0x000000008a100000| Untracked 
| 138|0x000000008a200000, 0x000000008a200000, 0x000000008a300000|  0%| F|  |TAMS 0x000000008a200000, 0x000000008a200000| Untracked 
| 139|0x000000008a300000, 0x000000008a300000, 0x000000008a400000|  0%| F|  |TAMS 0x000000008a300000, 0x000000008a300000| Untracked 
| 140|0x000000008a400000, 0x000000008a400000, 0x000000008a500000|  0%| F|  |TAMS 0x000000008a400000, 0x000000008a400000| Untracked 
| 141|0x000000008a500000, 0x000000008a500000, 0x000000008a600000|  0%| F|  |TAMS 0x000000008a500000, 0x000000008a500000| Untracked 
| 142|0x000000008a600000, 0x000000008a600000, 0x000000008a700000|  0%| F|  |TAMS 0x000000008a600000, 0x000000008a600000| Untracked 
| 143|0x000000008a700000, 0x000000008a700000, 0x000000008a800000|  0%| F|  |TAMS 0x000000008a700000, 0x000000008a700000| Untracked 
| 144|0x000000008a800000, 0x000000008a800000, 0x000000008a900000|  0%| F|  |TAMS 0x000000008a800000, 0x000000008a800000| Untracked 
| 145|0x000000008a900000, 0x000000008a900000, 0x000000008aa00000|  0%| F|  |TAMS 0x000000008a900000, 0x000000008a900000| Untracked 
| 146|0x000000008aa00000, 0x000000008aa00000, 0x000000008ab00000|  0%| F|  |TAMS 0x000000008aa00000, 0x000000008aa00000| Untracked 
| 147|0x000000008ab00000, 0x000000008ab00000, 0x000000008ac00000|  0%| F|  |TAMS 0x000000008ab00000, 0x000000008ab00000| Untracked 
| 148|0x000000008ac00000, 0x000000008ac00000, 0x000000008ad00000|  0%| F|  |TAMS 0x000000008ac00000, 0x000000008ac00000| Untracked 
| 149|0x000000008ad00000, 0x000000008ad00000, 0x000000008ae00000|  0%| F|  |TAMS 0x000000008ad00000, 0x000000008ad00000| Untracked 
| 150|0x000000008ae00000, 0x000000008ae00000, 0x000000008af00000|  0%| F|  |TAMS 0x000000008ae00000, 0x000000008ae00000| Untracked 
| 151|0x000000008af00000, 0x000000008af00000, 0x000000008b000000|  0%| F|  |TAMS 0x000000008af00000, 0x000000008af00000| Untracked 
| 152|0x000000008b000000, 0x000000008b000000, 0x000000008b100000|  0%| F|  |TAMS 0x000000008b000000, 0x000000008b000000| Untracked 
| 153|0x000000008b100000, 0x000000008b100000, 0x000000008b200000|  0%| F|  |TAMS 0x000000008b100000, 0x000000008b100000| Untracked 
| 154|0x000000008b200000, 0x000000008b200000, 0x000000008b300000|  0%| F|  |TAMS 0x000000008b200000, 0x000000008b200000| Untracked 
| 155|0x000000008b300000, 0x000000008b300000, 0x000000008b400000|  0%| F|  |TAMS 0x000000008b300000, 0x000000008b300000| Untracked 
| 156|0x000000008b400000, 0x000000008b400000, 0x000000008b500000|  0%| F|  |TAMS 0x000000008b400000, 0x000000008b400000| Untracked 
| 157|0x000000008b500000, 0x000000008b500000, 0x000000008b600000|  0%| F|  |TAMS 0x000000008b500000, 0x000000008b500000| Untracked 
| 158|0x000000008b600000, 0x000000008b600000, 0x000000008b700000|  0%| F|  |TAMS 0x000000008b600000, 0x000000008b600000| Untracked 
| 159|0x000000008b700000, 0x000000008b700000, 0x000000008b800000|  0%| F|  |TAMS 0x000000008b700000, 0x000000008b700000| Untracked 
| 160|0x000000008b800000, 0x000000008b800000, 0x000000008b900000|  0%| F|  |TAMS 0x000000008b800000, 0x000000008b800000| Untracked 
| 161|0x000000008b900000, 0x000000008b900000, 0x000000008ba00000|  0%| F|  |TAMS 0x000000008b900000, 0x000000008b900000| Untracked 
| 162|0x000000008ba00000, 0x000000008ba00000, 0x000000008bb00000|  0%| F|  |TAMS 0x000000008ba00000, 0x000000008ba00000| Untracked 
| 163|0x000000008bb00000, 0x000000008bb00000, 0x000000008bc00000|  0%| F|  |TAMS 0x000000008bb00000, 0x000000008bb00000| Untracked 
| 164|0x000000008bc00000, 0x000000008bc00000, 0x000000008bd00000|  0%| F|  |TAMS 0x000000008bc00000, 0x000000008bc00000| Untracked 
| 165|0x000000008bd00000, 0x000000008bd00000, 0x000000008be00000|  0%| F|  |TAMS 0x000000008bd00000, 0x000000008bd00000| Untracked 
| 166|0x000000008be00000, 0x000000008be00000, 0x000000008bf00000|  0%| F|  |TAMS 0x000000008be00000, 0x000000008be00000| Untracked 
| 167|0x000000008bf00000, 0x000000008bf00000, 0x000000008c000000|  0%| F|  |TAMS 0x000000008bf00000, 0x000000008bf00000| Untracked 
| 168|0x000000008c000000, 0x000000008c000000, 0x000000008c100000|  0%| F|  |TAMS 0x000000008c000000, 0x000000008c000000| Untracked 
| 169|0x000000008c100000, 0x000000008c100000, 0x000000008c200000|  0%| F|  |TAMS 0x000000008c100000, 0x000000008c100000| Untracked 
| 170|0x000000008c200000, 0x000000008c200000, 0x000000008c300000|  0%| F|  |TAMS 0x000000008c200000, 0x000000008c200000| Untracked 
| 171|0x000000008c300000, 0x000000008c300000, 0x000000008c400000|  0%| F|  |TAMS 0x000000008c300000, 0x000000008c300000| Untracked 
| 172|0x000000008c400000, 0x000000008c400000, 0x000000008c500000|  0%| F|  |TAMS 0x000000008c400000, 0x000000008c400000| Untracked 
| 173|0x000000008c500000, 0x000000008c500000, 0x000000008c600000|  0%| F|  |TAMS 0x000000008c500000, 0x000000008c500000| Untracked 
| 174|0x000000008c600000, 0x000000008c600000, 0x000000008c700000|  0%| F|  |TAMS 0x000000008c600000, 0x000000008c600000| Untracked 
| 175|0x000000008c700000, 0x000000008c700000, 0x000000008c800000|  0%| F|  |TAMS 0x000000008c700000, 0x000000008c700000| Untracked 
| 176|0x000000008c800000, 0x000000008c800000, 0x000000008c900000|  0%| F|  |TAMS 0x000000008c800000, 0x000000008c800000| Untracked 
| 177|0x000000008c900000, 0x000000008c900000, 0x000000008ca00000|  0%| F|  |TAMS 0x000000008c900000, 0x000000008c900000| Untracked 
| 178|0x000000008ca00000, 0x000000008ca00000, 0x000000008cb00000|  0%| F|  |TAMS 0x000000008ca00000, 0x000000008ca00000| Untracked 
| 179|0x000000008cb00000, 0x000000008cb00000, 0x000000008cc00000|  0%| F|  |TAMS 0x000000008cb00000, 0x000000008cb00000| Untracked 
| 180|0x000000008cc00000, 0x000000008cc00000, 0x000000008cd00000|  0%| F|  |TAMS 0x000000008cc00000, 0x000000008cc00000| Untracked 
| 181|0x000000008cd00000, 0x000000008cd00000, 0x000000008ce00000|  0%| F|  |TAMS 0x000000008cd00000, 0x000000008cd00000| Untracked 
| 182|0x000000008ce00000, 0x000000008ce00000, 0x000000008cf00000|  0%| F|  |TAMS 0x000000008ce00000, 0x000000008ce00000| Untracked 
| 183|0x000000008cf00000, 0x000000008cf00000, 0x000000008d000000|  0%| F|  |TAMS 0x000000008cf00000, 0x000000008cf00000| Untracked 
| 184|0x000000008d000000, 0x000000008d000000, 0x000000008d100000|  0%| F|  |TAMS 0x000000008d000000, 0x000000008d000000| Untracked 
| 185|0x000000008d100000, 0x000000008d100000, 0x000000008d200000|  0%| F|  |TAMS 0x000000008d100000, 0x000000008d100000| Untracked 
| 186|0x000000008d200000, 0x000000008d200000, 0x000000008d300000|  0%| F|  |TAMS 0x000000008d200000, 0x000000008d200000| Untracked 
| 187|0x000000008d300000, 0x000000008d300000, 0x000000008d400000|  0%| F|  |TAMS 0x000000008d300000, 0x000000008d300000| Untracked 
| 188|0x000000008d400000, 0x000000008d400000, 0x000000008d500000|  0%| F|  |TAMS 0x000000008d400000, 0x000000008d400000| Untracked 
| 189|0x000000008d500000, 0x000000008d500000, 0x000000008d600000|  0%| F|  |TAMS 0x000000008d500000, 0x000000008d500000| Untracked 
| 190|0x000000008d600000, 0x000000008d600000, 0x000000008d700000|  0%| F|  |TAMS 0x000000008d600000, 0x000000008d600000| Untracked 
| 191|0x000000008d700000, 0x000000008d700000, 0x000000008d800000|  0%| F|  |TAMS 0x000000008d700000, 0x000000008d700000| Untracked 
| 192|0x000000008d800000, 0x000000008d800000, 0x000000008d900000|  0%| F|  |TAMS 0x000000008d800000, 0x000000008d800000| Untracked 
| 193|0x000000008d900000, 0x000000008d900000, 0x000000008da00000|  0%| F|  |TAMS 0x000000008d900000, 0x000000008d900000| Untracked 
| 194|0x000000008da00000, 0x000000008da00000, 0x000000008db00000|  0%| F|  |TAMS 0x000000008da00000, 0x000000008da00000| Untracked 
| 195|0x000000008db00000, 0x000000008db00000, 0x000000008dc00000|  0%| F|  |TAMS 0x000000008db00000, 0x000000008db00000| Untracked 
| 196|0x000000008dc00000, 0x000000008dc00000, 0x000000008dd00000|  0%| F|  |TAMS 0x000000008dc00000, 0x000000008dc00000| Untracked 
| 197|0x000000008dd00000, 0x000000008dd00000, 0x000000008de00000|  0%| F|  |TAMS 0x000000008dd00000, 0x000000008dd00000| Untracked 
| 198|0x000000008de00000, 0x000000008de00000, 0x000000008df00000|  0%| F|  |TAMS 0x000000008de00000, 0x000000008de00000| Untracked 
| 199|0x000000008df00000, 0x000000008df00000, 0x000000008e000000|  0%| F|  |TAMS 0x000000008df00000, 0x000000008df00000| Untracked 
| 200|0x000000008e000000, 0x000000008e000000, 0x000000008e100000|  0%| F|  |TAMS 0x000000008e000000, 0x000000008e000000| Untracked 
| 201|0x000000008e100000, 0x000000008e200000, 0x000000008e200000|100%| S|CS|TAMS 0x000000008e100000, 0x000000008e100000| Complete 
| 202|0x000000008e200000, 0x000000008e300000, 0x000000008e300000|100%| S|CS|TAMS 0x000000008e200000, 0x000000008e200000| Complete 
| 203|0x000000008e300000, 0x000000008e400000, 0x000000008e400000|100%| S|CS|TAMS 0x000000008e300000, 0x000000008e300000| Complete 
| 204|0x000000008e400000, 0x000000008e500000, 0x000000008e500000|100%| S|CS|TAMS 0x000000008e400000, 0x000000008e400000| Complete 
| 205|0x000000008e500000, 0x000000008e600000, 0x000000008e600000|100%| S|CS|TAMS 0x000000008e500000, 0x000000008e500000| Complete 
| 206|0x000000008e600000, 0x000000008e700000, 0x000000008e700000|100%| S|CS|TAMS 0x000000008e600000, 0x000000008e600000| Complete 
| 207|0x000000008e700000, 0x000000008e800000, 0x000000008e800000|100%| S|CS|TAMS 0x000000008e700000, 0x000000008e700000| Complete 
| 208|0x000000008e800000, 0x000000008e800000, 0x000000008e900000|  0%| F|  |TAMS 0x000000008e800000, 0x000000008e800000| Untracked 
| 209|0x000000008e900000, 0x000000008e900000, 0x000000008ea00000|  0%| F|  |TAMS 0x000000008e900000, 0x000000008e900000| Untracked 
| 210|0x000000008ea00000, 0x000000008ea00000, 0x000000008eb00000|  0%| F|  |TAMS 0x000000008ea00000, 0x000000008ea00000| Untracked 
| 211|0x000000008eb00000, 0x000000008eb00000, 0x000000008ec00000|  0%| F|  |TAMS 0x000000008eb00000, 0x000000008eb00000| Untracked 
| 212|0x000000008ec00000, 0x000000008ec00000, 0x000000008ed00000|  0%| F|  |TAMS 0x000000008ec00000, 0x000000008ec00000| Untracked 
| 213|0x000000008ed00000, 0x000000008ed00000, 0x000000008ee00000|  0%| F|  |TAMS 0x000000008ed00000, 0x000000008ed00000| Untracked 
| 214|0x000000008ee00000, 0x000000008ee00000, 0x000000008ef00000|  0%| F|  |TAMS 0x000000008ee00000, 0x000000008ee00000| Untracked 
| 215|0x000000008ef00000, 0x000000008ef00000, 0x000000008f000000|  0%| F|  |TAMS 0x000000008ef00000, 0x000000008ef00000| Untracked 
| 216|0x000000008f000000, 0x000000008f000000, 0x000000008f100000|  0%| F|  |TAMS 0x000000008f000000, 0x000000008f000000| Untracked 
| 217|0x000000008f100000, 0x000000008f100000, 0x000000008f200000|  0%| F|  |TAMS 0x000000008f100000, 0x000000008f100000| Untracked 
| 218|0x000000008f200000, 0x000000008f200000, 0x000000008f300000|  0%| F|  |TAMS 0x000000008f200000, 0x000000008f200000| Untracked 
| 219|0x000000008f300000, 0x000000008f300000, 0x000000008f400000|  0%| F|  |TAMS 0x000000008f300000, 0x000000008f300000| Untracked 
| 220|0x000000008f400000, 0x000000008f400000, 0x000000008f500000|  0%| F|  |TAMS 0x000000008f400000, 0x000000008f400000| Untracked 
| 221|0x000000008f500000, 0x000000008f500000, 0x000000008f600000|  0%| F|  |TAMS 0x000000008f500000, 0x000000008f500000| Untracked 
| 222|0x000000008f600000, 0x000000008f600000, 0x000000008f700000|  0%| F|  |TAMS 0x000000008f600000, 0x000000008f600000| Untracked 
| 223|0x000000008f700000, 0x000000008f700000, 0x000000008f800000|  0%| F|  |TAMS 0x000000008f700000, 0x000000008f700000| Untracked 
| 224|0x000000008f800000, 0x000000008f800000, 0x000000008f900000|  0%| F|  |TAMS 0x000000008f800000, 0x000000008f800000| Untracked 
| 225|0x000000008f900000, 0x000000008f900000, 0x000000008fa00000|  0%| F|  |TAMS 0x000000008f900000, 0x000000008f900000| Untracked 
| 226|0x000000008fa00000, 0x000000008fa00000, 0x000000008fb00000|  0%| F|  |TAMS 0x000000008fa00000, 0x000000008fa00000| Untracked 
| 227|0x000000008fb00000, 0x000000008fb00000, 0x000000008fc00000|  0%| F|  |TAMS 0x000000008fb00000, 0x000000008fb00000| Untracked 
| 228|0x000000008fc00000, 0x000000008fc00000, 0x000000008fd00000|  0%| F|  |TAMS 0x000000008fc00000, 0x000000008fc00000| Untracked 
| 229|0x000000008fd00000, 0x000000008fd00000, 0x000000008fe00000|  0%| F|  |TAMS 0x000000008fd00000, 0x000000008fd00000| Untracked 
| 230|0x000000008fe00000, 0x000000008fe00000, 0x000000008ff00000|  0%| F|  |TAMS 0x000000008fe00000, 0x000000008fe00000| Untracked 
| 231|0x000000008ff00000, 0x000000008ff00000, 0x0000000090000000|  0%| F|  |TAMS 0x000000008ff00000, 0x000000008ff00000| Untracked 
| 232|0x0000000090000000, 0x0000000090000000, 0x0000000090100000|  0%| F|  |TAMS 0x0000000090000000, 0x0000000090000000| Untracked 
| 233|0x0000000090100000, 0x0000000090100000, 0x0000000090200000|  0%| F|  |TAMS 0x0000000090100000, 0x0000000090100000| Untracked 
| 234|0x0000000090200000, 0x0000000090200000, 0x0000000090300000|  0%| F|  |TAMS 0x0000000090200000, 0x0000000090200000| Untracked 
| 235|0x0000000090300000, 0x0000000090300000, 0x0000000090400000|  0%| F|  |TAMS 0x0000000090300000, 0x0000000090300000| Untracked 
| 236|0x0000000090400000, 0x0000000090400000, 0x0000000090500000|  0%| F|  |TAMS 0x0000000090400000, 0x0000000090400000| Untracked 
| 237|0x0000000090500000, 0x0000000090500000, 0x0000000090600000|  0%| F|  |TAMS 0x0000000090500000, 0x0000000090500000| Untracked 
| 238|0x0000000090600000, 0x0000000090600000, 0x0000000090700000|  0%| F|  |TAMS 0x0000000090600000, 0x0000000090600000| Untracked 
| 239|0x0000000090700000, 0x0000000090700000, 0x0000000090800000|  0%| F|  |TAMS 0x0000000090700000, 0x0000000090700000| Untracked 
| 240|0x0000000090800000, 0x0000000090800000, 0x0000000090900000|  0%| F|  |TAMS 0x0000000090800000, 0x0000000090800000| Untracked 
| 241|0x0000000090900000, 0x0000000090900000, 0x0000000090a00000|  0%| F|  |TAMS 0x0000000090900000, 0x0000000090900000| Untracked 
| 242|0x0000000090a00000, 0x0000000090a00000, 0x0000000090b00000|  0%| F|  |TAMS 0x0000000090a00000, 0x0000000090a00000| Untracked 
| 243|0x0000000090b00000, 0x0000000090b00000, 0x0000000090c00000|  0%| F|  |TAMS 0x0000000090b00000, 0x0000000090b00000| Untracked 
| 244|0x0000000090c00000, 0x0000000090c00000, 0x0000000090d00000|  0%| F|  |TAMS 0x0000000090c00000, 0x0000000090c00000| Untracked 
| 245|0x0000000090d00000, 0x0000000090d00000, 0x0000000090e00000|  0%| F|  |TAMS 0x0000000090d00000, 0x0000000090d00000| Untracked 
|2018|0x00000000ffa00000, 0x00000000ffa00000, 0x00000000ffb00000|  0%| F|  |TAMS 0x00000000ffa00000, 0x00000000ffa00000| Untracked 
|2019|0x00000000ffb00000, 0x00000000ffb00000, 0x00000000ffc00000|  0%| F|  |TAMS 0x00000000ffb00000, 0x00000000ffb00000| Untracked 
|2020|0x00000000ffc00000, 0x00000000ffc00000, 0x00000000ffd00000|  0%| F|  |TAMS 0x00000000ffc00000, 0x00000000ffc00000| Untracked 
|2021|0x00000000ffd00000, 0x00000000ffd00000, 0x00000000ffe00000|  0%| F|  |TAMS 0x00000000ffd00000, 0x00000000ffd00000| Untracked 
|2022|0x00000000ffe00000, 0x00000000ffe00000, 0x00000000fff00000|  0%| F|  |TAMS 0x00000000ffe00000, 0x00000000ffe00000| Untracked 
|2023|0x00000000fff00000, 0x00000000fff00000, 0x0000000100000000|  0%| F|  |TAMS 0x00000000fff00000, 0x00000000fff00000| Untracked 

Card table byte_map: [0x000001eca61e0000,0x000001eca65e0000] _byte_map_base: 0x000001eca5dd4000

Marking Bits (Prev, Next): (CMBitMap*) 0x000001ec8e689fe8, (CMBitMap*) 0x000001ec8e68a028
 Prev Bits: [0x000001eca69e0000, 0x000001eca8980000)
 Next Bits: [0x000001eca8980000, 0x000001ecaa920000)

Polling page: 0x000001ec8c450000

Metaspace:

Usage:
  Non-class:     22.55 MB capacity,    22.07 MB ( 98%) used,   392.12 KB (  2%) free+waste,    99.31 KB ( <1%) overhead. 
      Class:      3.70 MB capacity,     3.31 MB ( 89%) used,   348.59 KB (  9%) free+waste,    53.31 KB (  1%) overhead. 
       Both:     26.25 MB capacity,    25.37 MB ( 97%) used,   740.70 KB (  3%) free+waste,   152.63 KB ( <1%) overhead. 

Virtual space:
  Non-class space:       24.00 MB reserved,      22.75 MB ( 95%) committed 
      Class space:        1.00 GB reserved,       3.80 MB ( <1%) committed 
             Both:        1.02 GB reserved,      26.55 MB (  3%) committed 

Chunk freelists:
   Non-Class:  17.00 KB
       Class:  18.00 KB
        Both:  35.00 KB

MaxMetaspaceSize: 17179869184.00 GB
CompressedClassSpaceSize: 1.00 GB

CodeHeap 'non-profiled nmethods': size=120000Kb used=2560Kb max_used=2560Kb free=117439Kb
 bounds [0x000001ec9e8b0000, 0x000001ec9eb40000, 0x000001eca5de0000]
CodeHeap 'profiled nmethods': size=120000Kb used=9685Kb max_used=9685Kb free=110314Kb
 bounds [0x000001ec97380000, 0x000001ec97d00000, 0x000001ec9e8b0000]
CodeHeap 'non-nmethods': size=5760Kb used=1500Kb max_used=1566Kb free=4259Kb
 bounds [0x000001ec96de0000, 0x000001ec97050000, 0x000001ec97380000]
 total_blobs=5370 nmethods=4536 adapters=745
 compilation: enabled
              stopped_count=0, restarted_count=0
 full_count=0

Compilation events (20 events):
Event: 12.837 Thread 0x000001ecace20800 nmethod 4539 0x000001ec9eb2e290 code [0x000001ec9eb2e4c0, 0x000001ec9eb2e9a0]
Event: 12.837 Thread 0x000001ecace20800 4540       4       net.sourceforge.jFuzzyLogic.membership.Value::<init> (168 bytes)
Event: 12.847 Thread 0x000001ecace20800 nmethod 4540 0x000001ec9eb2ec90 code [0x000001ec9eb2ef80, 0x000001ec9eb2f840]
Event: 12.847 Thread 0x000001ecace20800 4541       4       org.antlr.runtime.tree.CommonTree::getType (19 bytes)
Event: 12.847 Thread 0x000001ecace20800 nmethod 4541 0x000001ec9eb2fd90 code [0x000001ec9eb2ff20, 0x000001ec9eb2fff8]
Event: 12.991 Thread 0x000001ecace25800 4542       3       sun.nio.cs.StreamEncoder::ensureOpen (18 bytes)
Event: 12.991 Thread 0x000001ecace25800 nmethod 4542 0x000001ec97cf0110 code [0x000001ec97cf02c0, 0x000001ec97cf04e8]
Event: 13.016 Thread 0x000001ecace25800 4543   !   3       sun.nio.cs.StreamEncoder::write (78 bytes)
Event: 13.017 Thread 0x000001ecace25800 nmethod 4543 0x000001ec97cf0590 code [0x000001ec97cf0800, 0x000001ec97cf1388]
Event: 13.017 Thread 0x000001ecace25800 4544   !   3       java.nio.charset.CharsetEncoder::encode (285 bytes)
Event: 13.018 Thread 0x000001ecace25800 nmethod 4544 0x000001ec97cf1990 code [0x000001ec97cf1ca0, 0x000001ec97cf2f58]
Event: 13.025 Thread 0x000001ecace25800 4545       3       sun.nio.cs.StreamEncoder::writeBytes (132 bytes)
Event: 13.026 Thread 0x000001ecace25800 nmethod 4545 0x000001ec97cf3590 code [0x000001ec97cf3800, 0x000001ec97cf4278]
Event: 13.034 Thread 0x000001ecace25800 4546       3       java.io.OutputStreamWriter::write (11 bytes)
Event: 13.034 Thread 0x000001ecace25800 nmethod 4546 0x000001ec97cf4610 code [0x000001ec97cf47c0, 0x000001ec97cf4928]
Event: 13.034 Thread 0x000001ecace25800 4547       3       sun.nio.cs.UTF_8$Encoder::encodeLoop (28 bytes)
Event: 13.035 Thread 0x000001ecace25800 nmethod 4547 0x000001ec97cf4a10 code [0x000001ec97cf4be0, 0x000001ec97cf4fd8]
Event: 13.035 Thread 0x000001ecace25800 4548       3       sun.nio.cs.StreamEncoder::implFlushBuffer (15 bytes)
Event: 13.035 Thread 0x000001ecace25800 nmethod 4548 0x000001ec97cf5110 code [0x000001ec97cf52c0, 0x000001ec97cf5468]
Event: 13.043 Thread 0x000001ecace25800 4549   !   3       java.io.PrintStream::write (69 bytes)

GC Heap History (20 events):
Event: 10.673 GC heap after
{Heap after GC invocations=13 (full 0):
 garbage-first heap   total 107520K, used 68362K [0x0000000081800000, 0x0000000100000000)
  region size 1024K, 1 young (1024K), 1 survivors (1024K)
 Metaspace       used 25873K, capacity 26742K, committed 26928K, reserved 1073152K
  class space    used 3387K, capacity 3789K, committed 3888K, reserved 1048576K
}
Event: 10.821 GC heap before
{Heap before GC invocations=14 (full 0):
 garbage-first heap   total 107520K, used 79626K [0x0000000081800000, 0x0000000100000000)
  region size 1024K, 10 young (10240K), 1 survivors (1024K)
 Metaspace       used 25877K, capacity 26742K, committed 26928K, reserved 1073152K
  class space    used 3387K, capacity 3789K, committed 3888K, reserved 1048576K
}
Event: 10.831 GC heap after
{Heap after GC invocations=15 (full 0):
 garbage-first heap   total 107520K, used 74369K [0x0000000081800000, 0x0000000100000000)
  region size 1024K, 2 young (2048K), 2 survivors (2048K)
 Metaspace       used 25877K, capacity 26742K, committed 26928K, reserved 1073152K
  class space    used 3387K, capacity 3789K, committed 3888K, reserved 1048576K
}
Event: 10.839 GC heap before
{Heap before GC invocations=15 (full 0):
 garbage-first heap   total 107520K, used 77441K [0x0000000081800000, 0x0000000100000000)
  region size 1024K, 5 young (5120K), 2 survivors (2048K)
 Metaspace       used 25877K, capacity 26742K, committed 26928K, reserved 1073152K
  class space    used 3387K, capacity 3789K, committed 3888K, reserved 1048576K
}
Event: 10.854 GC heap after
{Heap after GC invocations=16 (full 0):
 garbage-first heap   total 129024K, used 68854K [0x0000000081800000, 0x0000000100000000)
  region size 1024K, 1 young (1024K), 1 survivors (1024K)
 Metaspace       used 25877K, capacity 26742K, committed 26928K, reserved 1073152K
  class space    used 3387K, capacity 3789K, committed 3888K, reserved 1048576K
}
Event: 10.862 GC heap before
{Heap before GC invocations=16 (full 0):
 garbage-first heap   total 129024K, used 73974K [0x0000000081800000, 0x0000000100000000)
  region size 1024K, 6 young (6144K), 1 survivors (1024K)
 Metaspace       used 25898K, capacity 26806K, committed 26928K, reserved 1073152K
  class space    used 3387K, capacity 3789K, committed 3888K, reserved 1048576K
}
Event: 10.881 GC heap after
{Heap after GC invocations=17 (full 0):
 garbage-first heap   total 129024K, used 65227K [0x0000000081800000, 0x0000000100000000)
  region size 1024K, 1 young (1024K), 1 survivors (1024K)
 Metaspace       used 25898K, capacity 26806K, committed 26928K, reserved 1073152K
  class space    used 3387K, capacity 3789K, committed 3888K, reserved 1048576K
}
Event: 11.031 GC heap before
{Heap before GC invocations=17 (full 0):
 garbage-first heap   total 129024K, used 77515K [0x0000000081800000, 0x0000000100000000)
  region size 1024K, 14 young (14336K), 1 survivors (1024K)
 Metaspace       used 25909K, capacity 26806K, committed 26928K, reserved 1073152K
  class space    used 3387K, capacity 3789K, committed 3888K, reserved 1048576K
}
Event: 11.043 GC heap after
{Heap after GC invocations=18 (full 0):
 garbage-first heap   total 129024K, used 71680K [0x0000000081800000, 0x0000000100000000)
  region size 1024K, 3 young (3072K), 3 survivors (3072K)
 Metaspace       used 25909K, capacity 26806K, committed 26928K, reserved 1073152K
  class space    used 3387K, capacity 3789K, committed 3888K, reserved 1048576K
}
Event: 11.075 GC heap before
{Heap before GC invocations=18 (full 0):
 garbage-first heap   total 129024K, used 91136K [0x0000000081800000, 0x0000000100000000)
  region size 1024K, 19 young (19456K), 3 survivors (3072K)
 Metaspace       used 25911K, capacity 26806K, committed 26928K, reserved 1073152K
  class space    used 3387K, capacity 3789K, committed 3888K, reserved 1048576K
}
Event: 11.101 GC heap after
{Heap after GC invocations=19 (full 0):
 garbage-first heap   total 129024K, used 86985K [0x0000000081800000, 0x0000000100000000)
  region size 1024K, 3 young (3072K), 3 survivors (3072K)
 Metaspace       used 25911K, capacity 26806K, committed 26928K, reserved 1073152K
  class space    used 3387K, capacity 3789K, committed 3888K, reserved 1048576K
}
Event: 11.259 GC heap before
{Heap before GC invocations=20 (full 0):
 garbage-first heap   total 129024K, used 75721K [0x0000000081800000, 0x0000000100000000)
  region size 1024K, 13 young (13312K), 3 survivors (3072K)
 Metaspace       used 25914K, capacity 26807K, committed 26928K, reserved 1073152K
  class space    used 3387K, capacity 3789K, committed 3888K, reserved 1048576K
}
Event: 11.273 GC heap after
{Heap after GC invocations=21 (full 0):
 garbage-first heap   total 258048K, used 70615K [0x0000000081800000, 0x0000000100000000)
  region size 1024K, 2 young (2048K), 2 survivors (2048K)
 Metaspace       used 25914K, capacity 26807K, committed 26928K, reserved 1073152K
  class space    used 3387K, capacity 3789K, committed 3888K, reserved 1048576K
}
Event: 11.293 GC heap before
{Heap before GC invocations=21 (full 0):
 garbage-first heap   total 258048K, used 81879K [0x0000000081800000, 0x0000000100000000)
  region size 1024K, 12 young (12288K), 2 survivors (2048K)
 Metaspace       used 25927K, capacity 26807K, committed 26928K, reserved 1073152K
  class space    used 3387K, capacity 3789K, committed 3888K, reserved 1048576K
}
Event: 11.320 GC heap after
{Heap after GC invocations=22 (full 0):
 garbage-first heap   total 258048K, used 65150K [0x0000000081800000, 0x0000000100000000)
  region size 1024K, 2 young (2048K), 2 survivors (2048K)
 Metaspace       used 25927K, capacity 26807K, committed 26928K, reserved 1073152K
  class space    used 3387K, capacity 3789K, committed 3888K, reserved 1048576K
}
Event: 11.768 GC heap before
{Heap before GC invocations=22 (full 0):
 garbage-first heap   total 258048K, used 131710K [0x0000000081800000, 0x0000000100000000)
  region size 1024K, 59 young (60416K), 2 survivors (2048K)
 Metaspace       used 25949K, capacity 26877K, committed 27184K, reserved 1073152K
  class space    used 3388K, capacity 3790K, committed 3888K, reserved 1048576K
}
Event: 11.809 GC heap after
{Heap after GC invocations=23 (full 0):
 garbage-first heap   total 258048K, used 94208K [0x0000000081800000, 0x0000000100000000)
  region size 1024K, 8 young (8192K), 8 survivors (8192K)
 Metaspace       used 25949K, capacity 26877K, committed 27184K, reserved 1073152K
  class space    used 3388K, capacity 3790K, committed 3888K, reserved 1048576K
}
Event: 12.438 GC heap before
{Heap before GC invocations=23 (full 0):
 garbage-first heap   total 258048K, used 157696K [0x0000000081800000, 0x0000000100000000)
  region size 1024K, 62 young (63488K), 8 survivors (8192K)
 Metaspace       used 25969K, capacity 26877K, committed 27184K, reserved 1073152K
  class space    used 3388K, capacity 3790K, committed 3888K, reserved 1048576K
}
Event: 12.486 GC heap after
{Heap after GC invocations=24 (full 0):
 garbage-first heap   total 258048K, used 119296K [0x0000000081800000, 0x0000000100000000)
  region size 1024K, 8 young (8192K), 8 survivors (8192K)
 Metaspace       used 25969K, capacity 26877K, committed 27184K, reserved 1073152K
  class space    used 3388K, capacity 3790K, committed 3888K, reserved 1048576K
}
Event: 13.043 GC heap before
{Heap before GC invocations=24 (full 0):
 garbage-first heap   total 258048K, used 168448K [0x0000000081800000, 0x0000000100000000)
  region size 1024K, 52 young (53248K), 8 survivors (8192K)
 Metaspace       used 25983K, capacity 26877K, committed 27184K, reserved 1073152K
  class space    used 3388K, capacity 3790K, committed 3888K, reserved 1048576K
}

Deoptimization events (20 events):
Event: 10.746 Thread 0x000001ecae1d0800 DEOPT PACKING pc=0x000001ec97c702b5 sp=0x0000005eeedfd720
Event: 10.746 Thread 0x000001ecae1d0800 DEOPT UNPACKING pc=0x000001ec96e2964e sp=0x0000005eeedfcc18 mode 0
Event: 10.771 Thread 0x000001ecae1d0800 DEOPT PACKING pc=0x000001ec97c702b5 sp=0x0000005eeedfd720
Event: 10.771 Thread 0x000001ecae1d0800 DEOPT UNPACKING pc=0x000001ec96e2964e sp=0x0000005eeedfcc18 mode 0
Event: 10.811 Thread 0x000001ecae1d0800 DEOPT PACKING pc=0x000001ec97bced5a sp=0x0000005eeedfd6d0
Event: 10.811 Thread 0x000001ecae1d0800 DEOPT UNPACKING pc=0x000001ec96e2964e sp=0x0000005eeedfcba0 mode 0
Event: 11.367 Thread 0x000001ecae1d0800 DEOPT PACKING pc=0x000001ec97cacaf0 sp=0x0000005eeedfd840
Event: 11.367 Thread 0x000001ecae1d0800 DEOPT UNPACKING pc=0x000001ec96e2964e sp=0x0000005eeedfccb8 mode 0
Event: 11.448 Thread 0x000001ecae1d0800 DEOPT PACKING pc=0x000001ec97cacaf0 sp=0x0000005eeedfd840
Event: 11.448 Thread 0x000001ecae1d0800 DEOPT UNPACKING pc=0x000001ec96e2964e sp=0x0000005eeedfccb8 mode 0
Event: 11.551 Thread 0x000001ecae1d0800 DEOPT PACKING pc=0x000001ec97cacaf0 sp=0x0000005eeedfd840
Event: 11.551 Thread 0x000001ecae1d0800 DEOPT UNPACKING pc=0x000001ec96e2964e sp=0x0000005eeedfccb8 mode 0
Event: 11.659 Thread 0x000001ecae1d0800 DEOPT PACKING pc=0x000001ec97cacaf0 sp=0x0000005eeedfd840
Event: 11.659 Thread 0x000001ecae1d0800 DEOPT UNPACKING pc=0x000001ec96e2964e sp=0x0000005eeedfccb8 mode 0
Event: 11.726 Thread 0x000001ecae1d0800 DEOPT PACKING pc=0x000001ec97cacaf0 sp=0x0000005eeedfd840
Event: 11.726 Thread 0x000001ecae1d0800 DEOPT UNPACKING pc=0x000001ec96e2964e sp=0x0000005eeedfccb8 mode 0
Event: 11.856 Thread 0x000001ecae1d0800 DEOPT PACKING pc=0x000001ec97cacaf0 sp=0x0000005eeedfd840
Event: 11.856 Thread 0x000001ecae1d0800 DEOPT UNPACKING pc=0x000001ec96e2964e sp=0x0000005eeedfccb8 mode 0
Event: 12.406 Thread 0x000001ecae1d0800 DEOPT PACKING pc=0x000001ec97ca4453 sp=0x0000005eeedfd820
Event: 12.406 Thread 0x000001ecae1d0800 DEOPT UNPACKING pc=0x000001ec96e2964e sp=0x0000005eeedfcd00 mode 0

Classes unloaded (0 events):
No events

Classes redefined (0 events):
No events

Internal exceptions (20 events):
Event: 3.825 Thread 0x000001ecade07000 Exception <a 'java/lang/NoSuchMethodError'{0x00000000893362f0}: 'int java.lang.invoke.DirectMethodHandle$Holder.invokeStaticInit(java.lang.Object, java.lang.Object)'> (0x00000000893362f0) 
thrown [./open/src/hotspot/share/interpreter/linkResolver.cpp, line 766]
Event: 3.961 Thread 0x000001ecade07000 Exception <a 'java/lang/NoSuchMethodError'{0x0000000089000ff8}: 'java.lang.Object java.lang.invoke.DirectMethodHandle$Holder.invokeStaticInit(java.lang.Object, int)'> (0x0000000089000ff8) 
thrown [./open/src/hotspot/share/interpreter/linkResolver.cpp, line 766]
Event: 5.406 Thread 0x000001ecae1d0800 Exception <a 'java/lang/NoSuchMethodError'{0x0000000088fb1430}: 'long java.lang.invoke.DirectMethodHandle$Holder.invokeStatic(java.lang.Object, java.lang.Object, java.lang.Object)'> (0x0000000088fb1430) 
thrown [./open/src/hotspot/share/interpreter/linkResolver.cpp, line 766]
Event: 5.406 Thread 0x000001ecae1d0800 Exception <a 'java/lang/NoSuchMethodError'{0x0000000088fb40d8}: 'long java.lang.invoke.DirectMethodHandle$Holder.invokeStaticInit(java.lang.Object, java.lang.Object, java.lang.Object)'> (0x0000000088fb40d8) 
thrown [./open/src/hotspot/share/interpreter/linkResolver.cpp, line 766]
Event: 5.410 Thread 0x000001ecae1d0800 Exception <a 'java/lang/NoSuchMethodError'{0x0000000088fc83a8}: 'java.lang.Object java.lang.invoke.Invokers$Holder.linkToTargetMethod(java.lang.Object, long, java.lang.Object)'> (0x0000000088fc83a8) 
thrown [./open/src/hotspot/share/interpreter/linkResolver.cpp, line 766]
Event: 5.443 Thread 0x000001ecae1d0800 Exception <a 'java/lang/NoSuchMethodError'{0x0000000088fdac28}: 'java.lang.Object java.lang.invoke.DirectMethodHandle$Holder.invokeStatic(java.lang.Object, java.lang.Object, int, int, int, int, int, java.lang.Object)'> (0x0000000088fdac28) 
thrown [./open/src/hotspot/share/interpreter/linkResolver.cpp, line 766]
Event: 5.446 Thread 0x000001ecae1d0800 Exception <a 'java/lang/NoSuchMethodError'{0x0000000088fea138}: 'java.lang.Object java.lang.invoke.DirectMethodHandle$Holder.invokeStatic(java.lang.Object, java.lang.Object, java.lang.Object, int, int, int, int, int)'> (0x0000000088fea138) 
thrown [./open/src/hotspot/share/interpreter/linkResolver.cpp, line 766]
Event: 5.447 Thread 0x000001ecae1d0800 Exception <a 'java/lang/NoSuchMethodError'{0x0000000088feffb0}: 'java.lang.Object java.lang.invoke.Invokers$Holder.linkToTargetMethod(java.lang.Object, java.lang.Object, int, int, int, int, int, java.lang.Object)'> (0x0000000088feffb0) 
thrown [./open/src/hotspot/share/interpreter/linkResolver.cpp, line 766]
Event: 6.946 Thread 0x000001ecaee5b800 Exception <a 'java/lang/NoSuchMethodError'{0x0000000088702460}: 'void java.lang.invoke.DirectMethodHandle$Holder.invokeVirtual(java.lang.Object, java.lang.Object, java.lang.Object, java.lang.Object)'> (0x0000000088702460) 
thrown [./open/src/hotspot/share/interpreter/linkResolver.cpp, line 766]
Event: 6.976 Thread 0x000001ecaee5b800 Exception <a 'java/lang/NoSuchMethodError'{0x0000000088743810}: 'void java.lang.invoke.DirectMethodHandle$Holder.invokeStatic(java.lang.Object, java.lang.Object, java.lang.Object, int)'> (0x0000000088743810) 
thrown [./open/src/hotspot/share/interpreter/linkResolver.cpp, line 766]
Event: 6.976 Thread 0x000001ecaee5b800 Exception <a 'java/lang/NoSuchMethodError'{0x0000000088746510}: 'void java.lang.invoke.DirectMethodHandle$Holder.invokeStaticInit(java.lang.Object, java.lang.Object, java.lang.Object, int)'> (0x0000000088746510) 
thrown [./open/src/hotspot/share/interpreter/linkResolver.cpp, line 766]
Event: 7.338 Thread 0x000001ecaee5b800 Exception <a 'java/lang/NoSuchMethodError'{0x00000000882577e0}: 'java.lang.Object java.lang.invoke.DirectMethodHandle$Holder.newInvokeSpecial(java.lang.Object, java.lang.Object, java.lang.Object)'> (0x00000000882577e0) 
thrown [./open/src/hotspot/share/interpreter/linkResolver.cpp, line 766]
Event: 9.019 Thread 0x000001ecae1d0800 Exception <a 'java/lang/NoSuchMethodError'{0x00000000843acbb8}: 'java.lang.Object java.lang.invoke.DirectMethodHandle$Holder.invokeStatic(java.lang.Object, java.lang.Object, java.lang.Object, java.lang.Object, java.lang.Object, java.lang.Object, java.lang.Object, java.lang.Object, java.lang.Object, java.lang.Object, java.lang.Object, java.lang.Object, java.lang.Object, java.lang.Object, java.lang.Object)'> (0x00000000843acbb8) 
thrown [./open/src/hotspot/share/interpreter/linkResolver.cpp, line 766]
Event: 9.021 Thread 0x000001ecae1d0800 Exception <a 'java/lang/NoSuchMethodError'{0x00000000843bac38}: 'java.lang.Object java.lang.invoke.DirectMethodHandle$Holder.invokeStatic(java.lang.Object, java.lang.Object, java.lang.Object, java.lang.Object, java.lang.Object, java.lang.Object, java.lang.Object, java.lang.Object, java.lang.Object, java.lang.Object, java.lang.Object, java.lang.Object, java.lang.Object, java.lang.Object, java.lang.Object, java.lang.Object)'> (0x00000000843bac38) 
thrown [./open/src/hotspot/share/interpreter/linkResolver.cpp
Event: 9.024 Thread 0x000001ecae1d0800 Exception <a 'java/lang/NoSuchMethodError'{0x00000000843d15c8}: 'java.lang.Object java.lang.invoke.DelegatingMethodHandle$Holder.reinvoke_L(java.lang.Object, java.lang.Object, long, java.lang.Object, java.lang.Object, java.lang.Object, java.lang.Object, java.lang.Object, java.lang.Object, java.lang.Object, java.lang.Object, java.lang.Object, java.lang.Object, java.lang.Object, java.lang.Object, java.lang.Object, java.lang.Object, java.lang.Object, java.lang.Object, java.lang.Object, java.lang.Object, java.
Event: 9.062 Thread 0x000001ecae1d0800 Exception <a 'java/lang/NoSuchMethodError'{0x00000000842dfec8}: 'java.lang.Object java.lang.invoke.DirectMethodHandle$Holder.invokeSpecial(java.lang.Object, java.lang.Object, long, java.lang.Object, java.lang.Object, java.lang.Object, java.lang.Object, java.lang.Object, java.lang.Object, java.lang.Object, java.lang.Object, java.lang.Object, java.lang.Object, java.lang.Object, java.lang.Object, java.lang.Object, java.lang.Object, java.lang.Object, java.lang.Object, java.lang.Object, java.lang.Object, java.l
Event: 9.063 Thread 0x000001ecae1d0800 Exception <a 'java/lang/NoSuchMethodError'{0x00000000842e6e40}: 'java.lang.Object java.lang.invoke.DelegatingMethodHandle$Holder.reinvoke_L(java.lang.Object, long, java.lang.Object, java.lang.Object, java.lang.Object, java.lang.Object, java.lang.Object, java.lang.Object, java.lang.Object, java.lang.Object, java.lang.Object, java.lang.Object, java.lang.Object, java.lang.Object, java.lang.Object, java.lang.Object, java.lang.Object, java.lang.Object, java.lang.Object, java.lang.Object, java.lang.Object, java.
Event: 9.086 Thread 0x000001ecae1d0800 Exception <a 'java/lang/NoSuchMethodError'{0x00000000841d5338}: 'java.lang.Object java.lang.invoke.DelegatingMethodHandle$Holder.reinvoke_L(java.lang.Object, java.lang.Object, java.lang.Object, java.lang.Object, java.lang.Object, java.lang.Object, java.lang.Object, java.lang.Object, java.lang.Object, java.lang.Object, java.lang.Object, java.lang.Object, java.lang.Object, java.lang.Object, java.lang.Object, java.lang.Object, java.lang.Object, java.lang.Object, java.lang.Object, java.lang.Object, java.lang.O
Event: 9.087 Thread 0x000001ecae1d0800 Exception <a 'java/lang/NoSuchMethodError'{0x00000000841dc680}: 'java.lang.Object java.lang.invoke.Invokers$Holder.linkToTargetMethod(java.lang.Object, java.lang.Object, java.lang.Object, java.lang.Object, java.lang.Object, java.lang.Object, java.lang.Object, java.lang.Object, java.lang.Object, java.lang.Object, java.lang.Object, java.lang.Object, java.lang.Object, java.lang.Object, java.lang.Object, java.lang.Object, java.lang.Object, java.lang.Object, java.lang.Object, java.lang.Object, java.lang.Object,
Event: 10.150 Thread 0x000001ecae1d0800 Implicit null exception at 0x000001ec9ea92d14 to 0x000001ec9ea93770

Events (20 events):
Event: 10.862 Executing VM operation: G1CollectForAllocation
Event: 10.881 Executing VM operation: G1CollectForAllocation done
Event: 10.928 Thread 0x000001ecaee5c800 Thread exited: 0x000001ecaee5c800
Event: 11.031 Executing VM operation: G1TryInitiateConcMark
Event: 11.043 Executing VM operation: G1TryInitiateConcMark done
Event: 11.075 Executing VM operation: G1CollectForAllocation
Event: 11.102 Executing VM operation: G1CollectForAllocation done
Event: 11.133 Executing VM operation: G1Concurrent
Event: 11.136 Executing VM operation: G1Concurrent done
Event: 11.173 Executing VM operation: G1Concurrent
Event: 11.173 Executing VM operation: G1Concurrent done
Event: 11.259 Executing VM operation: G1CollectForAllocation
Event: 11.273 Executing VM operation: G1CollectForAllocation done
Event: 11.293 Executing VM operation: G1CollectForAllocation
Event: 11.320 Executing VM operation: G1CollectForAllocation done
Event: 11.768 Executing VM operation: G1CollectForAllocation
Event: 11.818 Executing VM operation: G1CollectForAllocation done
Event: 12.438 Executing VM operation: G1CollectForAllocation
Event: 12.486 Executing VM operation: G1CollectForAllocation done
Event: 13.043 Executing VM operation: G1CollectForAllocation


Dynamic libraries:
0x00007ff7b5090000 - 0x00007ff7b509f000 	C:\Users\Nastya\jdk\jdk-14.0.2\bin\java.exe
0x00007ff920410000 - 0x00007ff9205fd000 	C:\Windows\SYSTEM32\ntdll.dll
0x00007ff8f5ea0000 - 0x00007ff8f5eb2000 	C:\Program Files\AVAST Software\Avast\aswhook.dll
0x00007ff91fe50000 - 0x00007ff91ff03000 	C:\Windows\System32\KERNEL32.DLL
0x00007ff91cf30000 - 0x00007ff91d1c5000 	C:\Windows\System32\KERNELBASE.dll
0x00007ff91d380000 - 0x00007ff91d47a000 	C:\Windows\System32\ucrtbase.dll
0x00007ff919130000 - 0x00007ff919148000 	C:\Users\Nastya\jdk\jdk-14.0.2\bin\jli.dll
0x00007ff91f1d0000 - 0x00007ff91f273000 	C:\Windows\System32\ADVAPI32.dll
0x00007ff91f8e0000 - 0x00007ff91f97e000 	C:\Windows\System32\msvcrt.dll
0x00007ff920320000 - 0x00007ff9203bf000 	C:\Windows\System32\sechost.dll
0x00007ff9201f0000 - 0x00007ff920310000 	C:\Windows\System32\RPCRT4.dll
0x00007ff91d640000 - 0x00007ff91d7d7000 	C:\Windows\System32\USER32.dll
0x00007ff91c6c0000 - 0x00007ff91c6e0000 	C:\Windows\System32\win32u.dll
0x00007ff91f8b0000 - 0x00007ff91f8d9000 	C:\Windows\System32\GDI32.dll
0x00007ff91d4a0000 - 0x00007ff91d63c000 	C:\Windows\System32\gdi32full.dll
0x00007ff91d2e0000 - 0x00007ff91d380000 	C:\Windows\System32\msvcp_win.dll
0x00007ff9190f0000 - 0x00007ff919105000 	C:\Users\Nastya\jdk\jdk-14.0.2\bin\VCRUNTIME140.dll
0x00007ff90d680000 - 0x00007ff90d8f9000 	C:\Windows\WinSxS\amd64_microsoft.windows.common-controls_6595b64144ccf1df_6.0.17763.1697_none_de7644c45346d6cf\COMCTL32.dll
0x00007ff91fb20000 - 0x00007ff91fe4e000 	C:\Windows\System32\combase.dll
0x00007ff91d1d0000 - 0x00007ff91d24f000 	C:\Windows\System32\bcryptPrimitives.dll
0x00007ff9169a0000 - 0x00007ff9169aa000 	C:\Windows\SYSTEM32\VERSION.dll
0x00007ff91faf0000 - 0x00007ff91fb1e000 	C:\Windows\System32\IMM32.DLL
0x00007ff90e030000 - 0x00007ff90e0cb000 	C:\Users\Nastya\jdk\jdk-14.0.2\bin\msvcp140.dll
0x00007ff8d96b0000 - 0x00007ff8da1ce000 	C:\Users\Nastya\jdk\jdk-14.0.2\bin\server\jvm.dll
0x00007ff920310000 - 0x00007ff920318000 	C:\Windows\System32\PSAPI.DLL
0x00007ff90ba70000 - 0x00007ff90ba79000 	C:\Windows\SYSTEM32\WSOCK32.dll
0x00007ff91f000000 - 0x00007ff91f06d000 	C:\Windows\System32\WS2_32.dll
0x00007ff9191a0000 - 0x00007ff9191c4000 	C:\Windows\SYSTEM32\WINMM.dll
0x00007ff919020000 - 0x00007ff91904d000 	C:\Windows\SYSTEM32\WINMMBASE.dll
0x00007ff91c6e0000 - 0x00007ff91c72a000 	C:\Windows\System32\cfgmgr32.dll
0x00007ff91c460000 - 0x00007ff91c471000 	C:\Windows\System32\kernel.appcore.dll
0x00007ff919180000 - 0x00007ff91918a000 	C:\Users\Nastya\jdk\jdk-14.0.2\bin\jimage.dll
0x00007ff91adb0000 - 0x00007ff91af9d000 	C:\Windows\SYSTEM32\DBGHELP.DLL
0x00007ff914010000 - 0x00007ff91403a000 	C:\Windows\SYSTEM32\dbgcore.DLL
0x00007ff916230000 - 0x00007ff91623e000 	C:\Users\Nastya\jdk\jdk-14.0.2\bin\instrument.dll
0x00007ff90e160000 - 0x00007ff90e185000 	C:\Users\Nastya\jdk\jdk-14.0.2\bin\java.dll
0x00007ff916300000 - 0x00007ff916316000 	C:\Users\Nastya\jdk\jdk-14.0.2\bin\zip.dll
0x00007ff91d9f0000 - 0x00007ff91eeea000 	C:\Windows\System32\SHELL32.dll
0x00007ff920130000 - 0x00007ff9201d8000 	C:\Windows\System32\shcore.dll
0x00007ff91c7e0000 - 0x00007ff91cf2b000 	C:\Windows\System32\windows.storage.dll
0x00007ff91c430000 - 0x00007ff91c454000 	C:\Windows\System32\profapi.dll
0x00007ff91c480000 - 0x00007ff91c4dd000 	C:\Windows\System32\powrprof.dll
0x00007ff9200d0000 - 0x00007ff920122000 	C:\Windows\System32\shlwapi.dll
0x00007ff91d480000 - 0x00007ff91d497000 	C:\Windows\System32\cryptsp.dll
0x00007ff916210000 - 0x00007ff916229000 	C:\Users\Nastya\jdk\jdk-14.0.2\bin\net.dll
0x00007ff90f240000 - 0x00007ff90f334000 	C:\Windows\SYSTEM32\WINHTTP.dll
0x00007ff91bc70000 - 0x00007ff91bcd7000 	C:\Windows\system32\mswsock.dll
0x00007ff90e140000 - 0x00007ff90e152000 	C:\Users\Nastya\jdk\jdk-14.0.2\bin\nio.dll
0x00007ff90d300000 - 0x00007ff90d31a000 	C:\Program Files\JetBrains\IntelliJ IDEA 2020.3\bin\breakgen64.dll
0x000001ec8e5b0000 - 0x000001ec8e5b3000 	C:\Users\Nastya\java_libes\javafx-sdk-11.0.2\bin\api-ms-win-core-console-l1-1-0.dll
0x000001ec8e5c0000 - 0x000001ec8e5c3000 	C:\Users\Nastya\java_libes\javafx-sdk-11.0.2\bin\api-ms-win-core-datetime-l1-1-0.dll
0x000001ec8e5d0000 - 0x000001ec8e5d3000 	C:\Users\Nastya\java_libes\javafx-sdk-11.0.2\bin\api-ms-win-core-debug-l1-1-0.dll
0x000001ec8e5e0000 - 0x000001ec8e5e3000 	C:\Users\Nastya\java_libes\javafx-sdk-11.0.2\bin\api-ms-win-core-errorhandling-l1-1-0.dll
0x000001ec8e5f0000 - 0x000001ec8e5f4000 	C:\Users\Nastya\java_libes\javafx-sdk-11.0.2\bin\api-ms-win-core-file-l1-1-0.dll
0x000001ec8e600000 - 0x000001ec8e603000 	C:\Users\Nastya\java_libes\javafx-sdk-11.0.2\bin\api-ms-win-core-file-l1-2-0.dll
0x000001ecaf320000 - 0x000001ecaf323000 	C:\Users\Nastya\java_libes\javafx-sdk-11.0.2\bin\api-ms-win-core-file-l2-1-0.dll
0x000001ecaf330000 - 0x000001ecaf333000 	C:\Users\Nastya\java_libes\javafx-sdk-11.0.2\bin\api-ms-win-core-handle-l1-1-0.dll
0x000001ecaf340000 - 0x000001ecaf343000 	C:\Users\Nastya\java_libes\javafx-sdk-11.0.2\bin\api-ms-win-core-heap-l1-1-0.dll
0x000001ecaf350000 - 0x000001ecaf353000 	C:\Users\Nastya\java_libes\javafx-sdk-11.0.2\bin\api-ms-win-core-interlocked-l1-1-0.dll
0x000001ecaf360000 - 0x000001ecaf363000 	C:\Users\Nastya\java_libes\javafx-sdk-11.0.2\bin\api-ms-win-core-libraryloader-l1-1-0.dll
0x000001ecaf370000 - 0x000001ecaf373000 	C:\Users\Nastya\java_libes\javafx-sdk-11.0.2\bin\api-ms-win-core-localization-l1-2-0.dll
0x000001ecaf380000 - 0x000001ecaf383000 	C:\Users\Nastya\java_libes\javafx-sdk-11.0.2\bin\api-ms-win-core-memory-l1-1-0.dll
0x000001ecaf390000 - 0x000001ecaf393000 	C:\Users\Nastya\java_libes\javafx-sdk-11.0.2\bin\api-ms-win-core-namedpipe-l1-1-0.dll
0x000001ecaf3a0000 - 0x000001ecaf3a3000 	C:\Users\Nastya\java_libes\javafx-sdk-11.0.2\bin\api-ms-win-core-processenvironment-l1-1-0.dll
0x000001ecaf3b0000 - 0x000001ecaf3b3000 	C:\Users\Nastya\java_libes\javafx-sdk-11.0.2\bin\api-ms-win-core-processthreads-l1-1-0.dll
0x000001ecaf3c0000 - 0x000001ecaf3c3000 	C:\Users\Nastya\java_libes\javafx-sdk-11.0.2\bin\api-ms-win-core-processthreads-l1-1-1.dll
0x000001ecaf3d0000 - 0x000001ecaf3d3000 	C:\Users\Nastya\java_libes\javafx-sdk-11.0.2\bin\api-ms-win-core-profile-l1-1-0.dll
0x000001ecaf3e0000 - 0x000001ecaf3e3000 	C:\Users\Nastya\java_libes\javafx-sdk-11.0.2\bin\api-ms-win-core-rtlsupport-l1-1-0.dll
0x000001ecaf3f0000 - 0x000001ecaf3f3000 	C:\Users\Nastya\java_libes\javafx-sdk-11.0.2\bin\api-ms-win-core-string-l1-1-0.dll
0x000001ecaf400000 - 0x000001ecaf403000 	C:\Users\Nastya\java_libes\javafx-sdk-11.0.2\bin\api-ms-win-core-synch-l1-1-0.dll
0x000001ecaf410000 - 0x000001ecaf413000 	C:\Users\Nastya\java_libes\javafx-sdk-11.0.2\bin\api-ms-win-core-synch-l1-2-0.dll
0x000001ecaf420000 - 0x000001ecaf423000 	C:\Users\Nastya\java_libes\javafx-sdk-11.0.2\bin\api-ms-win-core-sysinfo-l1-1-0.dll
0x000001ecaf430000 - 0x000001ecaf433000 	C:\Users\Nastya\java_libes\javafx-sdk-11.0.2\bin\api-ms-win-core-timezone-l1-1-0.dll
0x000001ecaf440000 - 0x000001ecaf443000 	C:\Users\Nastya\java_libes\javafx-sdk-11.0.2\bin\api-ms-win-core-util-l1-1-0.dll
0x000001ecaf450000 - 0x000001ecaf453000 	C:\Users\Nastya\java_libes\javafx-sdk-11.0.2\bin\api-ms-win-crt-conio-l1-1-0.dll
0x000001ecaf460000 - 0x000001ecaf464000 	C:\Users\Nastya\java_libes\javafx-sdk-11.0.2\bin\api-ms-win-crt-convert-l1-1-0.dll
0x000001ecaf470000 - 0x000001ecaf473000 	C:\Users\Nastya\java_libes\javafx-sdk-11.0.2\bin\api-ms-win-crt-environment-l1-1-0.dll
0x000001ecaf480000 - 0x000001ecaf483000 	C:\Users\Nastya\java_libes\javafx-sdk-11.0.2\bin\api-ms-win-crt-filesystem-l1-1-0.dll
0x000001ecaf490000 - 0x000001ecaf493000 	C:\Users\Nastya\java_libes\javafx-sdk-11.0.2\bin\api-ms-win-crt-heap-l1-1-0.dll
0x000001ecaf4a0000 - 0x000001ecaf4a3000 	C:\Users\Nastya\java_libes\javafx-sdk-11.0.2\bin\api-ms-win-crt-locale-l1-1-0.dll
0x000001ecaf4b0000 - 0x000001ecaf4b5000 	C:\Users\Nastya\java_libes\javafx-sdk-11.0.2\bin\api-ms-win-crt-math-l1-1-0.dll
0x000001ecaf4c0000 - 0x000001ecaf4c5000 	C:\Users\Nastya\java_libes\javafx-sdk-11.0.2\bin\api-ms-win-crt-multibyte-l1-1-0.dll
0x000001ecaf4d0000 - 0x000001ecaf4e0000 	C:\Users\Nastya\java_libes\javafx-sdk-11.0.2\bin\api-ms-win-crt-private-l1-1-0.dll
0x000001ecaf4e0000 - 0x000001ecaf4e3000 	C:\Users\Nastya\java_libes\javafx-sdk-11.0.2\bin\api-ms-win-crt-process-l1-1-0.dll
0x000001ecaf4f0000 - 0x000001ecaf4f4000 	C:\Users\Nastya\java_libes\javafx-sdk-11.0.2\bin\api-ms-win-crt-runtime-l1-1-0.dll
0x000001ecaf500000 - 0x000001ecaf504000 	C:\Users\Nastya\java_libes\javafx-sdk-11.0.2\bin\api-ms-win-crt-stdio-l1-1-0.dll
0x000001ecaf510000 - 0x000001ecaf514000 	C:\Users\Nastya\java_libes\javafx-sdk-11.0.2\bin\api-ms-win-crt-string-l1-1-0.dll
0x000001ecaf520000 - 0x000001ecaf523000 	C:\Users\Nastya\java_libes\javafx-sdk-11.0.2\bin\api-ms-win-crt-time-l1-1-0.dll
0x000001ecaf530000 - 0x000001ecaf533000 	C:\Users\Nastya\java_libes\javafx-sdk-11.0.2\bin\api-ms-win-crt-utility-l1-1-0.dll
0x00007ff8f9300000 - 0x00007ff8f93fa000 	C:\Users\Nastya\java_libes\javafx-sdk-11.0.2\bin\ucrtbase.dll
0x00007ff90c6e0000 - 0x00007ff90c6f6000 	C:\Users\Nastya\java_libes\javafx-sdk-11.0.2\bin\vcruntime140.dll
0x00007ff8fd330000 - 0x00007ff8fd3d6000 	C:\Users\Nastya\java_libes\javafx-sdk-11.0.2\bin\msvcp140.dll
0x00007ff8fd210000 - 0x00007ff8fd261000 	C:\Users\Nastya\java_libes\javafx-sdk-11.0.2\bin\concrt140.dll
0x00007ff902a30000 - 0x00007ff902a53000 	C:\Users\Nastya\java_libes\javafx-sdk-11.0.2\bin\prism_d3d.dll
0x00007ff901e50000 - 0x00007ff901fee000 	C:\Windows\system32\d3d9.dll
0x00007ff91a720000 - 0x00007ff91a74e000 	C:\Windows\SYSTEM32\dwmapi.dll
0x00007ff91c4e0000 - 0x00007ff91c6bc000 	C:\Windows\System32\CRYPT32.dll
0x00007ff91c410000 - 0x00007ff91c422000 	C:\Windows\System32\MSASN1.dll
0x00007ff919d50000 - 0x00007ff919dec000 	C:\Windows\system32\uxtheme.dll
0x00007ff8dc3e0000 - 0x00007ff8de91e000 	C:\Windows\SYSTEM32\igdumdim64.dll
0x00007ff920000000 - 0x00007ff9200c4000 	C:\Windows\System32\OLEAUT32.dll
0x00007ff91f070000 - 0x00007ff91f1c6000 	C:\Windows\System32\ole32.dll
0x00007ff91f280000 - 0x00007ff91f6f6000 	C:\Windows\System32\SETUPAPI.dll
0x00007ff91d2b0000 - 0x00007ff91d2d6000 	C:\Windows\System32\bcrypt.dll
0x00007ff901d00000 - 0x00007ff901d45000 	C:\Users\Nastya\java_libes\javafx-sdk-11.0.2\bin\glass.dll
0x00007ff91d7e0000 - 0x00007ff91d907000 	C:\Windows\System32\COMDLG32.dll
0x00007ff91f980000 - 0x00007ff91faeb000 	C:\Windows\System32\MSCTF.dll
0x00007ff911450000 - 0x00007ff911e8f000 	C:\Windows\SYSTEM32\igdusc64.dll
0x00007ff9023e0000 - 0x00007ff9023f4000 	C:\Users\Nastya\java_libes\javafx-sdk-11.0.2\bin\javafx_font.dll
0x00007ff8fd4b0000 - 0x00007ff8fd7ac000 	C:\Windows\SYSTEM32\dwrite.dll
0x00007ff91eef0000 - 0x00007ff91ef92000 	C:\Windows\System32\clbcatq.dll
0x00007ff914750000 - 0x00007ff914908000 	C:\Windows\SYSTEM32\WindowsCodecs.dll
0x00007ff8f8360000 - 0x00007ff8f83b7000 	C:\Windows\system32\dataexchange.dll
0x00007ff918530000 - 0x00007ff9187ae000 	C:\Windows\system32\d3d11.dll
0x00007ff918e40000 - 0x00007ff919003000 	C:\Windows\system32\dcomp.dll
0x00007ff91b130000 - 0x00007ff91b1f2000 	C:\Windows\system32\dxgi.dll
0x00007ff91a800000 - 0x00007ff91aa0c000 	C:\Windows\system32\twinapi.appcore.dll
0x00007ff91aa10000 - 0x00007ff91aa38000 	C:\Windows\system32\RMCLIENT.dll
0x00007ff901da0000 - 0x00007ff901dd3000 	C:\Program Files\Common Files\Microsoft Shared\Ink\rtscom.dll
0x00007ff903120000 - 0x00007ff9031b4000 	C:\Windows\System32\TextInputFramework.dll
0x00007ff914a70000 - 0x00007ff914d92000 	C:\Windows\System32\CoreUIComponents.dll
0x00007ff919210000 - 0x00007ff9192f1000 	C:\Windows\System32\CoreMessaging.dll
0x00007ff91b480000 - 0x00007ff91b4b1000 	C:\Windows\SYSTEM32\ntmarta.dll
0x00007ff917860000 - 0x00007ff9179b1000 	C:\Windows\SYSTEM32\wintypes.dll
0x00007ff916160000 - 0x00007ff916170000 	C:\Users\Nastya\jdk\jdk-14.0.2\bin\verify.dll

dbghelp: loaded successfully - version: 4.0.5 - missing functions: none
symbol engine: initialized successfully - sym options: 0x614 - pdb path: .;C:\Users\Nastya\jdk\jdk-14.0.2\bin;C:\Windows\SYSTEM32;C:\Program Files\AVAST Software\Avast;C:\Windows\WinSxS\amd64_microsoft.windows.common-controls_6595b64144ccf1df_6.0.17763.1697_none_de7644c45346d6cf;C:\Users\Nastya\jdk\jdk-14.0.2\bin\server;C:\Program Files\JetBrains\IntelliJ IDEA 2020.3\bin;C:\Users\Nastya\java_libes\javafx-sdk-11.0.2\bin;C:\Program Files\Common Files\Microsoft Shared\Ink

VM Arguments:
jvm_args: --module-path=C:\Users\Nastya\java_libes\javafx-sdk-11.0.2\lib --add-modules=javafx.controls,javafx.fxml -javaagent:C:\Program Files\JetBrains\IntelliJ IDEA 2020.3\lib\idea_rt.jar=56814:C:\Program Files\JetBrains\IntelliJ IDEA 2020.3\bin -Dfile.encoding=UTF-8 
java_command: sample.Main
java_class_path (initial): C:\Users\Nastya\IdeaProjects\diplomJavaFX\out\production\diplomJavaFX;C:\Users\Nastya\java_libes\javafx-sdk-11.0.2\lib\javafx-swt.jar;C:\Users\Nastya\java_libes\javafx-sdk-11.0.2\lib\javafx.base.jar;C:\Users\Nastya\java_libes\javafx-sdk-11.0.2\lib\javafx.controls.jar;C:\Users\Nastya\java_libes\javafx-sdk-11.0.2\lib\javafx.fxml.jar;C:\Users\Nastya\java_libes\javafx-sdk-11.0.2\lib\javafx.graphics.jar;C:\Users\Nastya\java_libes\javafx-sdk-11.0.2\lib\javafx.media.jar;C:\Users\Nastya\java_libes\javafx-sdk-11.0.2\lib\javafx.swing.jar;C:\Users\Nastya\java_libes\javafx-sdk-11.0.2\lib\javafx.web.jar;C:\Users\Nastya\java_libes\javafx-sdk-11.0.2\lib\src.zip;D:\Desktop\JFuzzyLogic LIB\jFuzzyLogic.jar;C:\Users\Nastya\java_libes\poi-4.1.2\poi-4.1.2.jar;C:\Users\Nastya\java_libes\poi-4.1.2\poi-examples-4.1.2.jar;C:\Users\Nastya\java_libes\poi-4.1.2\poi-excelant-4.1.2.jar;C:\Users\Nastya\java_libes\poi-4.1.2\poi-ooxml-4.1.2.jar;C:\Users\Nastya\java_libes\poi-4.1.2\poi-ooxml-schemas-4.1.2.jar;C:\Users\Nastya\java_libes\poi-4.1.2\poi-scratchpad-4.1.2.jar;C:\Users\Nastya\java_libes\poi-4.1.2\lib\junit-4.12.jar;C:\Users\Nastya\java_libes\poi-4.1.2\lib\log4j-1.2.17.jar;C:\Users\Nastya\java_libes\poi-4.1.2\lib\jaxb-api-2.3.1.jar;C:\Users\Nastya\java_libes\poi-4.1.2\lib\jaxb-impl-2.3.2.jar;C:\Users\Nastya\java_libes\poi-4.1.2\lib\activation-1.1.1.jar;C:\Users\Nastya\java_libes\poi-4.1.2\lib\SparseBitSet-1.2.jar;C:\Users\Nastya\java_libes\poi-4.1.2\lib\jaxb-core-2.3.0.1.jar;C:\Users\Nastya\java_libes\poi-4.1.2\lib\commons-codec-1.13.jar;C:\Users\Nastya\java_libes\poi-4.1.2\lib\commons-logging-1.2.jar;C:\Users\Nastya\java_libes\poi-4.1.2\lib\commons-math3-3.6.1.jar;C:\Users\Nastya\java_libes\poi-4.1.2\lib\commons-compress-1.19.jar;C:\Users\Nastya\java_libes\poi-4.1.2\lib\commons-collections4-4.4.jar;C:\Users\Nastya\java_libes\poi-4.1.2\ooxml-lib\curvesapi-1.06.jar;C:\Users\Nastya\java_libes\poi-4.1.2\ooxml-lib\xmlbeans-3.1.0.jar;C:\Users\Nastya\java_libes\jfoeni
Launcher Type: SUN_STANDARD

[Global flags]
     intx CICompilerCount                          = 3                                         {product} {ergonomic}
     uint ConcGCThreads                            = 1                                         {product} {ergonomic}
     uint G1ConcRefinementThreads                  = 4                                         {product} {ergonomic}
   size_t G1HeapRegionSize                         = 1048576                                   {product} {ergonomic}
    uintx GCDrainStackTargetSize                   = 64                                        {product} {ergonomic}
   size_t InitialHeapSize                          = 134217728                                 {product} {ergonomic}
   size_t MarkStackSize                            = 4194304                                   {product} {ergonomic}
   size_t MaxHeapSize                              = 2122317824                                {product} {ergonomic}
   size_t MaxNewSize                               = 1272971264                                {product} {ergonomic}
   size_t MinHeapDeltaBytes                        = 1048576                                   {product} {ergonomic}
   size_t MinHeapSize                              = 8388608                                   {product} {ergonomic}
    uintx NonNMethodCodeHeapSize                   = 5832780                                {pd product} {ergonomic}
    uintx NonProfiledCodeHeapSize                  = 122912730                              {pd product} {ergonomic}
    uintx ProfiledCodeHeapSize                     = 122912730                              {pd product} {ergonomic}
    uintx ReservedCodeCacheSize                    = 251658240                              {pd product} {ergonomic}
     bool SegmentedCodeCache                       = true                                      {product} {ergonomic}
   size_t SoftMaxHeapSize                          = 2122317824                             {manageable} {ergonomic}
     bool UseCompressedClassPointers               = true                                 {lp64_product} {ergonomic}
     bool UseCompressedOops                        = true                                 {lp64_product} {ergonomic}
     bool UseG1GC                                  = true                                      {product} {ergonomic}
     bool UseLargePagesIndividualAllocation        = false                                  {pd product} {ergonomic}

Logging:
Log output configuration:
 #0: stdout all=warning uptime,level,tags
 #1: stderr all=off uptime,level,tags

Environment Variables:
PATH=C:\Program Files\Common Files\Oracle\Java\javapath;D:\Desktop\Oracle\bin;C:\Program Files (x86)\Common Files\Oracle\Java\javapath;C:\Windows\system32;C:\Windows;C:\Windows\System32\Wbem;C:\Windows\System32\WindowsPowerShell\v1.0\;C:\Windows\System32\OpenSSH\;C:\Program Files (x86)\NVIDIA Corporation\PhysX\Common;C:\Program Files (x86)\Common Files\Acronis\SnapAPI\;C:\Program Files (x86)\Microsoft SQL Server\150\DTS\Binn\;C:\Program Files\Git\cmd;C:\Program Files\dotnet\;C:\Program Files\nodejs\;C:\Program Files (x86)\Rational\common;C:\Program Files\MongoDB\Server\4.4\bin;C:\Program Files\PuTTY\;C:\Users\Nastya\jdk\jdk-14.0.2\bin;;C:\Program Files\JetBrains\IntelliJ IDEA Community Edition 2020.2.2\bin;;C:\Program Files\JetBrains\IntelliJ IDEA 2020.3\bin;
USERNAME=Nastya
OS=Windows_NT
PROCESSOR_IDENTIFIER=Intel64 Family 6 Model 61 Stepping 4, GenuineIntel



---------------  S Y S T E M  ---------------

OS: Windows 10 , 64 bit Build 17763 (10.0.17763.475)
OS uptime: 0 days 5:00 hours

CPU:total 4 (initial active 4) (2 cores per cpu, 2 threads per core) family 6 model 61 stepping 4, cmov, cx8, fxsr, mmx, sse, sse2, sse3, ssse3, sse4.1, sse4.2, popcnt, avx, avx2, aes, clmul, erms, 3dnowpref, lzcnt, ht, tsc, tscinvbit, bmi1, bmi2, adx, fma

Memory: 4k page, system-wide physical 8091M (2177M free)
TotalPageFile size 10139M (AvailPageFile size 415M)
current process WorkingSet (physical memory assigned to process): 343M, peak: 343M
current process commit charge ("private bytes"): 443M, peak: 876M

vm_info: Java HotSpot(TM) 64-Bit Server VM (14.0.2+12-46) for windows-amd64 JRE (14.0.2+12-46), built on Jul  9 2020 00:35:52 by "mach5one" with MS VC++ 15.9 (VS2017)

END.
